2019-11-07 15:45:00 | [34mINFO [0;39m | [1;33mrestartedMain[0;39m | [1;32mcom.lidong.grpc.LocalGrpcServerApplication[0;39m | Starting LocalGrpcServerApplication on vip-PC with PID 54156 (D:\springcloud\spring-cloud-learning-example\springboot-grpc\springboot-grpc-consumer\target\classes started by vip in D:\springcloud\spring-cloud-learning-example)
2019-11-07 15:45:00 | [34mINFO [0;39m | [1;33mrestartedMain[0;39m | [1;32mcom.lidong.grpc.LocalGrpcServerApplication[0;39m | The following profiles are active: dev
2019-11-07 15:45:01 | [34mINFO [0;39m | [1;33mrestartedMain[0;39m | [1;32morg.springframework.boot.devtools.env.DevToolsPropertyDefaultsPostProcessor[0;39m | Devtools property defaults active! Set 'spring.devtools.add-properties' to 'false' to disable
2019-11-07 15:45:01 | [34mINFO [0;39m | [1;33mrestartedMain[0;39m | [1;32morg.springframework.boot.devtools.env.DevToolsPropertyDefaultsPostProcessor[0;39m | For additional web related logging consider setting the 'logging.level.web' property to 'DEBUG'
2019-11-07 15:45:06 | [34mINFO [0;39m | [1;33mrestartedMain[0;39m | [1;32morg.springframework.boot.web.embedded.tomcat.TomcatWebServer[0;39m | Tomcat initialized with port(s): 9998 (http)
2019-11-07 15:45:06 | [34mINFO [0;39m | [1;33mrestartedMain[0;39m | [1;32morg.apache.coyote.http11.Http11NioProtocol[0;39m | Initializing ProtocolHandler ["http-nio-9998"]
2019-11-07 15:45:07 | [34mINFO [0;39m | [1;33mrestartedMain[0;39m | [1;32morg.apache.catalina.core.StandardService[0;39m | Starting service [Tomcat]
2019-11-07 15:45:07 | [34mINFO [0;39m | [1;33mrestartedMain[0;39m | [1;32morg.apache.catalina.core.StandardEngine[0;39m | Starting Servlet engine: [Apache Tomcat/9.0.19]
2019-11-07 15:45:07 | [34mINFO [0;39m | [1;33mrestartedMain[0;39m | [1;32morg.apache.catalina.core.ContainerBase.[Tomcat].[localhost].[/ahh-iot][0;39m | Initializing Spring embedded WebApplicationContext
2019-11-07 15:45:07 | [34mINFO [0;39m | [1;33mrestartedMain[0;39m | [1;32morg.springframework.web.context.ContextLoader[0;39m | Root WebApplicationContext: initialization completed in 5883 ms
2019-11-07 15:45:10 | [34mINFO [0;39m | [1;33mrestartedMain[0;39m | [1;32morg.springframework.scheduling.concurrent.ThreadPoolTaskExecutor[0;39m | Initializing ExecutorService 'applicationTaskExecutor'
2019-11-07 15:45:11 | [34mINFO [0;39m | [1;33mrestartedMain[0;39m | [1;32morg.springframework.boot.devtools.autoconfigure.OptionalLiveReloadServer[0;39m | LiveReload server is running on port 35729
2019-11-07 15:45:11 | [34mINFO [0;39m | [1;33mrestartedMain[0;39m | [1;32mnet.devh.boot.grpc.server.serverfactory.AbstractGrpcServerFactory[0;39m | Registered gRPC service: helloworld.Greeter, bean: greeterService, class: GreeterService
2019-11-07 15:45:11 | [34mINFO [0;39m | [1;33mrestartedMain[0;39m | [1;32mnet.devh.boot.grpc.server.serverfactory.GrpcServerLifecycle[0;39m | gRPC Server started, listening on address: *, port: 9090
2019-11-07 15:45:11 | [34mINFO [0;39m | [1;33mrestartedMain[0;39m | [1;32morg.apache.coyote.http11.Http11NioProtocol[0;39m | Starting ProtocolHandler ["http-nio-9998"]
2019-11-07 15:45:11 | [34mINFO [0;39m | [1;33mrestartedMain[0;39m | [1;32morg.springframework.boot.web.embedded.tomcat.TomcatWebServer[0;39m | Tomcat started on port(s): 9998 (http) with context path '/ahh-iot'
2019-11-07 15:45:11 | [34mINFO [0;39m | [1;33mrestartedMain[0;39m | [1;32mcom.lidong.grpc.LocalGrpcServerApplication[0;39m | Started LocalGrpcServerApplication in 12.375 seconds (JVM running for 15.763)
2019-11-07 15:51:15 | [34mINFO [0;39m | [1;33mrestartedMain[0;39m | [1;32mcom.lidong.grpc.consumer.LocalGrpcServerApplication[0;39m | Starting LocalGrpcServerApplication on vip-PC with PID 54556 (D:\springcloud\spring-cloud-learning-example\springboot-grpc\springboot-grpc-consumer\target\classes started by vip in D:\springcloud\spring-cloud-learning-example)
2019-11-07 15:51:15 | [34mINFO [0;39m | [1;33mrestartedMain[0;39m | [1;32mcom.lidong.grpc.consumer.LocalGrpcServerApplication[0;39m | The following profiles are active: dev
2019-11-07 15:51:15 | [34mINFO [0;39m | [1;33mrestartedMain[0;39m | [1;32morg.springframework.boot.devtools.env.DevToolsPropertyDefaultsPostProcessor[0;39m | Devtools property defaults active! Set 'spring.devtools.add-properties' to 'false' to disable
2019-11-07 15:51:15 | [34mINFO [0;39m | [1;33mrestartedMain[0;39m | [1;32morg.springframework.boot.devtools.env.DevToolsPropertyDefaultsPostProcessor[0;39m | For additional web related logging consider setting the 'logging.level.web' property to 'DEBUG'
2019-11-07 15:51:16 | [34mINFO [0;39m | [1;33mrestartedMain[0;39m | [1;32morg.springframework.boot.web.embedded.tomcat.TomcatWebServer[0;39m | Tomcat initialized with port(s): 9998 (http)
2019-11-07 15:51:16 | [34mINFO [0;39m | [1;33mrestartedMain[0;39m | [1;32morg.apache.coyote.http11.Http11NioProtocol[0;39m | Initializing ProtocolHandler ["http-nio-9998"]
2019-11-07 15:51:16 | [34mINFO [0;39m | [1;33mrestartedMain[0;39m | [1;32morg.apache.catalina.core.StandardService[0;39m | Starting service [Tomcat]
2019-11-07 15:51:16 | [34mINFO [0;39m | [1;33mrestartedMain[0;39m | [1;32morg.apache.catalina.core.StandardEngine[0;39m | Starting Servlet engine: [Apache Tomcat/9.0.19]
2019-11-07 15:51:16 | [34mINFO [0;39m | [1;33mrestartedMain[0;39m | [1;32morg.apache.catalina.core.ContainerBase.[Tomcat].[localhost].[/ahh-iot][0;39m | Initializing Spring embedded WebApplicationContext
2019-11-07 15:51:16 | [34mINFO [0;39m | [1;33mrestartedMain[0;39m | [1;32morg.springframework.web.context.ContextLoader[0;39m | Root WebApplicationContext: initialization completed in 1415 ms
2019-11-07 15:51:17 | [34mINFO [0;39m | [1;33mrestartedMain[0;39m | [1;32morg.springframework.scheduling.concurrent.ThreadPoolTaskExecutor[0;39m | Initializing ExecutorService 'applicationTaskExecutor'
2019-11-07 15:51:17 | [34mINFO [0;39m | [1;33mrestartedMain[0;39m | [1;32mnet.devh.boot.grpc.server.serverfactory.AbstractGrpcServerFactory[0;39m | Registered gRPC service: helloworld.Greeter, bean: greeterService, class: GreeterService
2019-11-07 15:51:17 | [34mINFO [0;39m | [1;33mrestartedMain[0;39m | [1;32mnet.devh.boot.grpc.server.serverfactory.GrpcServerLifecycle[0;39m | gRPC Server started, listening on address: *, port: 9090
2019-11-07 15:51:17 | [34mINFO [0;39m | [1;33mrestartedMain[0;39m | [1;32morg.apache.coyote.http11.Http11NioProtocol[0;39m | Starting ProtocolHandler ["http-nio-9998"]
2019-11-07 15:51:17 | [34mINFO [0;39m | [1;33mrestartedMain[0;39m | [1;32morg.springframework.boot.web.embedded.tomcat.TomcatWebServer[0;39m | Tomcat started on port(s): 9998 (http) with context path '/ahh-iot'
2019-11-07 15:51:17 | [34mINFO [0;39m | [1;33mrestartedMain[0;39m | [1;32mcom.lidong.grpc.consumer.LocalGrpcServerApplication[0;39m | Started LocalGrpcServerApplication in 3.025 seconds (JVM running for 5.726)
2019-11-07 15:51:42 | [34mINFO [0;39m | [1;33mThread-13[0;39m | [1;32mnet.devh.boot.grpc.server.serverfactory.GrpcServerLifecycle[0;39m | gRPC server shutdown.
2019-11-07 15:51:42 | [34mINFO [0;39m | [1;33mThread-13[0;39m | [1;32morg.springframework.scheduling.concurrent.ThreadPoolTaskExecutor[0;39m | Shutting down ExecutorService 'applicationTaskExecutor'
2019-11-07 15:52:24 | [34mINFO [0;39m | [1;33mrestartedMain[0;39m | [1;32mcom.lidong.grpc.provider.LocalGrpcServerApplication[0;39m | Starting LocalGrpcServerApplication on vip-PC with PID 53512 (D:\springcloud\spring-cloud-learning-example\springboot-grpc\springboot-grpc-consumer\target\classes started by vip in D:\springcloud\spring-cloud-learning-example)
2019-11-07 15:52:24 | [34mINFO [0;39m | [1;33mrestartedMain[0;39m | [1;32mcom.lidong.grpc.provider.LocalGrpcServerApplication[0;39m | No active profile set, falling back to default profiles: default
2019-11-07 15:52:24 | [34mINFO [0;39m | [1;33mrestartedMain[0;39m | [1;32morg.springframework.boot.devtools.env.DevToolsPropertyDefaultsPostProcessor[0;39m | Devtools property defaults active! Set 'spring.devtools.add-properties' to 'false' to disable
2019-11-07 15:52:24 | [34mINFO [0;39m | [1;33mrestartedMain[0;39m | [1;32morg.springframework.boot.devtools.env.DevToolsPropertyDefaultsPostProcessor[0;39m | For additional web related logging consider setting the 'logging.level.web' property to 'DEBUG'
2019-11-07 15:52:26 | [34mINFO [0;39m | [1;33mrestartedMain[0;39m | [1;32morg.springframework.boot.web.embedded.tomcat.TomcatWebServer[0;39m | Tomcat initialized with port(s): 9090 (http)
2019-11-07 15:52:26 | [34mINFO [0;39m | [1;33mrestartedMain[0;39m | [1;32morg.apache.coyote.http11.Http11NioProtocol[0;39m | Initializing ProtocolHandler ["http-nio-9090"]
2019-11-07 15:52:26 | [34mINFO [0;39m | [1;33mrestartedMain[0;39m | [1;32morg.apache.catalina.core.StandardService[0;39m | Starting service [Tomcat]
2019-11-07 15:52:26 | [34mINFO [0;39m | [1;33mrestartedMain[0;39m | [1;32morg.apache.catalina.core.StandardEngine[0;39m | Starting Servlet engine: [Apache Tomcat/9.0.19]
2019-11-07 15:52:26 | [34mINFO [0;39m | [1;33mrestartedMain[0;39m | [1;32morg.apache.catalina.core.ContainerBase.[Tomcat].[localhost].[/][0;39m | Initializing Spring embedded WebApplicationContext
2019-11-07 15:52:26 | [34mINFO [0;39m | [1;33mrestartedMain[0;39m | [1;32morg.springframework.web.context.ContextLoader[0;39m | Root WebApplicationContext: initialization completed in 1429 ms
2019-11-07 15:52:26 | [34mINFO [0;39m | [1;33mrestartedMain[0;39m | [1;32morg.springframework.scheduling.concurrent.ThreadPoolTaskExecutor[0;39m | Initializing ExecutorService 'applicationTaskExecutor'
2019-11-07 15:52:26 | [34mINFO [0;39m | [1;33mrestartedMain[0;39m | [1;32morg.springframework.boot.devtools.autoconfigure.OptionalLiveReloadServer[0;39m | LiveReload server is running on port 35729
2019-11-07 15:52:26 | [34mINFO [0;39m | [1;33mrestartedMain[0;39m | [1;32mnet.devh.boot.grpc.server.serverfactory.AbstractGrpcServerFactory[0;39m | Registered gRPC service: helloworld.Greeter, bean: greeterService, class: GreeterService
2019-11-07 15:52:27 | [34mINFO [0;39m | [1;33mrestartedMain[0;39m | [1;32mnet.devh.boot.grpc.server.serverfactory.GrpcServerLifecycle[0;39m | gRPC Server started, listening on address: *, port: 9090
2019-11-07 15:52:27 | [34mINFO [0;39m | [1;33mrestartedMain[0;39m | [1;32morg.apache.coyote.http11.Http11NioProtocol[0;39m | Starting ProtocolHandler ["http-nio-9090"]
2019-11-07 15:52:27 | [34mINFO [0;39m | [1;33mrestartedMain[0;39m | [1;32morg.apache.coyote.http11.Http11NioProtocol[0;39m | Pausing ProtocolHandler ["http-nio-9090"]
2019-11-07 15:52:27 | [34mINFO [0;39m | [1;33mrestartedMain[0;39m | [1;32morg.apache.catalina.core.StandardService[0;39m | Stopping service [Tomcat]
2019-11-07 15:52:27 | [34mINFO [0;39m | [1;33mrestartedMain[0;39m | [1;32morg.apache.catalina.util.LifecycleBase[0;39m | The stop() method was called on component [StandardServer[-1]] after stop() had already been called. The second call will be ignored.
2019-11-07 15:52:27 | [34mINFO [0;39m | [1;33mrestartedMain[0;39m | [1;32morg.apache.coyote.http11.Http11NioProtocol[0;39m | Stopping ProtocolHandler ["http-nio-9090"]
2019-11-07 15:52:27 | [34mINFO [0;39m | [1;33mrestartedMain[0;39m | [1;32morg.apache.coyote.http11.Http11NioProtocol[0;39m | Destroying ProtocolHandler ["http-nio-9090"]
2019-11-07 15:52:27 | [34mINFO [0;39m | [1;33mrestartedMain[0;39m | [1;32morg.springframework.boot.autoconfigure.logging.ConditionEvaluationReportLoggingListener[0;39m |

Error starting ApplicationContext. To display the conditions report re-run your application with 'debug' enabled.
2019-11-07 15:52:27 | [34mINFO [0;39m | [1;33mrestartedMain[0;39m | [1;32mnet.devh.boot.grpc.server.serverfactory.GrpcServerLifecycle[0;39m | gRPC server shutdown.
2019-11-07 15:52:27 | [34mINFO [0;39m | [1;33mrestartedMain[0;39m | [1;32morg.springframework.scheduling.concurrent.ThreadPoolTaskExecutor[0;39m | Shutting down ExecutorService 'applicationTaskExecutor'
2019-11-07 15:53:01 | [34mINFO [0;39m | [1;33mrestartedMain[0;39m | [1;32mcom.lidong.grpc.consumer.LocalGrpcServerApplication[0;39m | Starting LocalGrpcServerApplication on vip-PC with PID 54416 (D:\springcloud\spring-cloud-learning-example\springboot-grpc\springboot-grpc-consumer\target\classes started by vip in D:\springcloud\spring-cloud-learning-example)
2019-11-07 15:53:01 | [34mINFO [0;39m | [1;33mrestartedMain[0;39m | [1;32mcom.lidong.grpc.consumer.LocalGrpcServerApplication[0;39m | No active profile set, falling back to default profiles: default
2019-11-07 15:53:01 | [34mINFO [0;39m | [1;33mrestartedMain[0;39m | [1;32morg.springframework.boot.devtools.env.DevToolsPropertyDefaultsPostProcessor[0;39m | Devtools property defaults active! Set 'spring.devtools.add-properties' to 'false' to disable
2019-11-07 15:53:01 | [34mINFO [0;39m | [1;33mrestartedMain[0;39m | [1;32morg.springframework.boot.devtools.env.DevToolsPropertyDefaultsPostProcessor[0;39m | For additional web related logging consider setting the 'logging.level.web' property to 'DEBUG'
2019-11-07 15:53:02 | [34mINFO [0;39m | [1;33mrestartedMain[0;39m | [1;32morg.springframework.boot.web.embedded.tomcat.TomcatWebServer[0;39m | Tomcat initialized with port(s): 9090 (http)
2019-11-07 15:53:02 | [34mINFO [0;39m | [1;33mrestartedMain[0;39m | [1;32morg.apache.coyote.http11.Http11NioProtocol[0;39m | Initializing ProtocolHandler ["http-nio-9090"]
2019-11-07 15:53:02 | [34mINFO [0;39m | [1;33mrestartedMain[0;39m | [1;32morg.apache.catalina.core.StandardService[0;39m | Starting service [Tomcat]
2019-11-07 15:53:02 | [34mINFO [0;39m | [1;33mrestartedMain[0;39m | [1;32morg.apache.catalina.core.StandardEngine[0;39m | Starting Servlet engine: [Apache Tomcat/9.0.19]
2019-11-07 15:53:02 | [34mINFO [0;39m | [1;33mrestartedMain[0;39m | [1;32morg.apache.catalina.core.ContainerBase.[Tomcat].[localhost].[/][0;39m | Initializing Spring embedded WebApplicationContext
2019-11-07 15:53:02 | [34mINFO [0;39m | [1;33mrestartedMain[0;39m | [1;32morg.springframework.web.context.ContextLoader[0;39m | Root WebApplicationContext: initialization completed in 1171 ms
2019-11-07 15:53:02 | [34mINFO [0;39m | [1;33mrestartedMain[0;39m | [1;32morg.springframework.scheduling.concurrent.ThreadPoolTaskExecutor[0;39m | Initializing ExecutorService 'applicationTaskExecutor'
2019-11-07 15:53:02 | [34mINFO [0;39m | [1;33mrestartedMain[0;39m | [1;32morg.springframework.boot.devtools.autoconfigure.OptionalLiveReloadServer[0;39m | LiveReload server is running on port 35729
2019-11-07 15:53:02 | [34mINFO [0;39m | [1;33mrestartedMain[0;39m | [1;32mnet.devh.boot.grpc.server.serverfactory.AbstractGrpcServerFactory[0;39m | Registered gRPC service: helloworld.Greeter, bean: greeterService, class: GreeterService
2019-11-07 15:53:03 | [34mINFO [0;39m | [1;33mrestartedMain[0;39m | [1;32mnet.devh.boot.grpc.server.serverfactory.GrpcServerLifecycle[0;39m | gRPC Server started, listening on address: *, port: 9090
2019-11-07 15:53:03 | [34mINFO [0;39m | [1;33mrestartedMain[0;39m | [1;32morg.apache.coyote.http11.Http11NioProtocol[0;39m | Starting ProtocolHandler ["http-nio-9090"]
2019-11-07 15:53:03 | [34mINFO [0;39m | [1;33mrestartedMain[0;39m | [1;32morg.apache.coyote.http11.Http11NioProtocol[0;39m | Pausing ProtocolHandler ["http-nio-9090"]
2019-11-07 15:53:03 | [34mINFO [0;39m | [1;33mrestartedMain[0;39m | [1;32morg.apache.catalina.core.StandardService[0;39m | Stopping service [Tomcat]
2019-11-07 15:53:03 | [34mINFO [0;39m | [1;33mrestartedMain[0;39m | [1;32morg.apache.catalina.util.LifecycleBase[0;39m | The stop() method was called on component [StandardServer[-1]] after stop() had already been called. The second call will be ignored.
2019-11-07 15:53:03 | [34mINFO [0;39m | [1;33mrestartedMain[0;39m | [1;32morg.apache.coyote.http11.Http11NioProtocol[0;39m | Stopping ProtocolHandler ["http-nio-9090"]
2019-11-07 15:53:03 | [34mINFO [0;39m | [1;33mrestartedMain[0;39m | [1;32morg.apache.coyote.http11.Http11NioProtocol[0;39m | Destroying ProtocolHandler ["http-nio-9090"]
2019-11-07 15:53:03 | [34mINFO [0;39m | [1;33mrestartedMain[0;39m | [1;32morg.springframework.boot.autoconfigure.logging.ConditionEvaluationReportLoggingListener[0;39m |

Error starting ApplicationContext. To display the conditions report re-run your application with 'debug' enabled.
2019-11-07 15:53:03 | [34mINFO [0;39m | [1;33mrestartedMain[0;39m | [1;32mnet.devh.boot.grpc.server.serverfactory.GrpcServerLifecycle[0;39m | gRPC server shutdown.
2019-11-07 15:53:03 | [34mINFO [0;39m | [1;33mrestartedMain[0;39m | [1;32morg.springframework.scheduling.concurrent.ThreadPoolTaskExecutor[0;39m | Shutting down ExecutorService 'applicationTaskExecutor'
2019-11-07 15:53:47 | [34mINFO [0;39m | [1;33mrestartedMain[0;39m | [1;32mcom.lidong.grpc.provider.LocalGrpcServerApplication[0;39m | Starting LocalGrpcServerApplication on vip-PC with PID 55236 (D:\springcloud\spring-cloud-learning-example\springboot-grpc\springboot-grpc-consumer\target\classes started by vip in D:\springcloud\spring-cloud-learning-example)
2019-11-07 15:53:47 | [34mINFO [0;39m | [1;33mrestartedMain[0;39m | [1;32mcom.lidong.grpc.provider.LocalGrpcServerApplication[0;39m | No active profile set, falling back to default profiles: default
2019-11-07 15:53:47 | [34mINFO [0;39m | [1;33mrestartedMain[0;39m | [1;32morg.springframework.boot.devtools.env.DevToolsPropertyDefaultsPostProcessor[0;39m | Devtools property defaults active! Set 'spring.devtools.add-properties' to 'false' to disable
2019-11-07 15:53:47 | [34mINFO [0;39m | [1;33mrestartedMain[0;39m | [1;32morg.springframework.boot.devtools.env.DevToolsPropertyDefaultsPostProcessor[0;39m | For additional web related logging consider setting the 'logging.level.web' property to 'DEBUG'
2019-11-07 15:53:49 | [34mINFO [0;39m | [1;33mrestartedMain[0;39m | [1;32morg.springframework.boot.web.embedded.tomcat.TomcatWebServer[0;39m | Tomcat initialized with port(s): 9090 (http)
2019-11-07 15:53:49 | [34mINFO [0;39m | [1;33mrestartedMain[0;39m | [1;32morg.apache.coyote.http11.Http11NioProtocol[0;39m | Initializing ProtocolHandler ["http-nio-9090"]
2019-11-07 15:53:49 | [34mINFO [0;39m | [1;33mrestartedMain[0;39m | [1;32morg.apache.catalina.core.StandardService[0;39m | Starting service [Tomcat]
2019-11-07 15:53:49 | [34mINFO [0;39m | [1;33mrestartedMain[0;39m | [1;32morg.apache.catalina.core.StandardEngine[0;39m | Starting Servlet engine: [Apache Tomcat/9.0.19]
2019-11-07 15:53:49 | [34mINFO [0;39m | [1;33mrestartedMain[0;39m | [1;32morg.apache.catalina.core.ContainerBase.[Tomcat].[localhost].[/][0;39m | Initializing Spring embedded WebApplicationContext
2019-11-07 15:53:49 | [34mINFO [0;39m | [1;33mrestartedMain[0;39m | [1;32morg.springframework.web.context.ContextLoader[0;39m | Root WebApplicationContext: initialization completed in 1546 ms
2019-11-07 15:53:49 | [34mINFO [0;39m | [1;33mrestartedMain[0;39m | [1;32morg.springframework.scheduling.concurrent.ThreadPoolTaskExecutor[0;39m | Initializing ExecutorService 'applicationTaskExecutor'
2019-11-07 15:53:49 | [34mINFO [0;39m | [1;33mrestartedMain[0;39m | [1;32morg.springframework.boot.devtools.autoconfigure.OptionalLiveReloadServer[0;39m | LiveReload server is running on port 35729
2019-11-07 15:53:50 | [34mINFO [0;39m | [1;33mrestartedMain[0;39m | [1;32mnet.devh.boot.grpc.server.serverfactory.AbstractGrpcServerFactory[0;39m | Registered gRPC service: helloworld.Greeter, bean: greeterService, class: GreeterService
2019-11-07 15:53:50 | [34mINFO [0;39m | [1;33mrestartedMain[0;39m | [1;32mnet.devh.boot.grpc.server.serverfactory.GrpcServerLifecycle[0;39m | gRPC Server started, listening on address: *, port: 9090
2019-11-07 15:53:50 | [34mINFO [0;39m | [1;33mrestartedMain[0;39m | [1;32morg.apache.coyote.http11.Http11NioProtocol[0;39m | Starting ProtocolHandler ["http-nio-9090"]
2019-11-07 15:53:50 | [34mINFO [0;39m | [1;33mrestartedMain[0;39m | [1;32morg.apache.coyote.http11.Http11NioProtocol[0;39m | Pausing ProtocolHandler ["http-nio-9090"]
2019-11-07 15:53:50 | [34mINFO [0;39m | [1;33mrestartedMain[0;39m | [1;32morg.apache.catalina.core.StandardService[0;39m | Stopping service [Tomcat]
2019-11-07 15:53:50 | [34mINFO [0;39m | [1;33mrestartedMain[0;39m | [1;32morg.apache.catalina.util.LifecycleBase[0;39m | The stop() method was called on component [StandardServer[-1]] after stop() had already been called. The second call will be ignored.
2019-11-07 15:53:50 | [34mINFO [0;39m | [1;33mrestartedMain[0;39m | [1;32morg.apache.coyote.http11.Http11NioProtocol[0;39m | Stopping ProtocolHandler ["http-nio-9090"]
2019-11-07 15:53:50 | [34mINFO [0;39m | [1;33mrestartedMain[0;39m | [1;32morg.apache.coyote.http11.Http11NioProtocol[0;39m | Destroying ProtocolHandler ["http-nio-9090"]
2019-11-07 15:53:50 | [34mINFO [0;39m | [1;33mrestartedMain[0;39m | [1;32morg.springframework.boot.autoconfigure.logging.ConditionEvaluationReportLoggingListener[0;39m |

Error starting ApplicationContext. To display the conditions report re-run your application with 'debug' enabled.
2019-11-07 15:53:50 | [34mINFO [0;39m | [1;33mrestartedMain[0;39m | [1;32mnet.devh.boot.grpc.server.serverfactory.GrpcServerLifecycle[0;39m | gRPC server shutdown.
2019-11-07 15:53:50 | [34mINFO [0;39m | [1;33mrestartedMain[0;39m | [1;32morg.springframework.scheduling.concurrent.ThreadPoolTaskExecutor[0;39m | Shutting down ExecutorService 'applicationTaskExecutor'
2019-11-07 15:54:36 | [34mINFO [0;39m | [1;33mrestartedMain[0;39m | [1;32mcom.lidong.grpc.provider.LocalGrpcServerApplication[0;39m | Starting LocalGrpcServerApplication on vip-PC with PID 55436 (D:\springcloud\spring-cloud-learning-example\springboot-grpc\springboot-grpc-consumer\target\classes started by vip in D:\springcloud\spring-cloud-learning-example)
2019-11-07 15:54:36 | [34mINFO [0;39m | [1;33mrestartedMain[0;39m | [1;32mcom.lidong.grpc.provider.LocalGrpcServerApplication[0;39m | No active profile set, falling back to default profiles: default
2019-11-07 15:54:36 | [34mINFO [0;39m | [1;33mrestartedMain[0;39m | [1;32morg.springframework.boot.devtools.env.DevToolsPropertyDefaultsPostProcessor[0;39m | Devtools property defaults active! Set 'spring.devtools.add-properties' to 'false' to disable
2019-11-07 15:54:36 | [34mINFO [0;39m | [1;33mrestartedMain[0;39m | [1;32morg.springframework.boot.devtools.env.DevToolsPropertyDefaultsPostProcessor[0;39m | For additional web related logging consider setting the 'logging.level.web' property to 'DEBUG'
2019-11-07 15:54:37 | [34mINFO [0;39m | [1;33mrestartedMain[0;39m | [1;32morg.springframework.boot.web.embedded.tomcat.TomcatWebServer[0;39m | Tomcat initialized with port(s): 9090 (http)
2019-11-07 15:54:37 | [34mINFO [0;39m | [1;33mrestartedMain[0;39m | [1;32morg.apache.coyote.http11.Http11NioProtocol[0;39m | Initializing ProtocolHandler ["http-nio-9090"]
2019-11-07 15:54:37 | [34mINFO [0;39m | [1;33mrestartedMain[0;39m | [1;32morg.apache.catalina.core.StandardService[0;39m | Starting service [Tomcat]
2019-11-07 15:54:37 | [34mINFO [0;39m | [1;33mrestartedMain[0;39m | [1;32morg.apache.catalina.core.StandardEngine[0;39m | Starting Servlet engine: [Apache Tomcat/9.0.19]
2019-11-07 15:54:37 | [34mINFO [0;39m | [1;33mrestartedMain[0;39m | [1;32morg.apache.catalina.core.ContainerBase.[Tomcat].[localhost].[/][0;39m | Initializing Spring embedded WebApplicationContext
2019-11-07 15:54:37 | [34mINFO [0;39m | [1;33mrestartedMain[0;39m | [1;32morg.springframework.web.context.ContextLoader[0;39m | Root WebApplicationContext: initialization completed in 1320 ms
2019-11-07 15:54:37 | [34mINFO [0;39m | [1;33mrestartedMain[0;39m | [1;32morg.springframework.scheduling.concurrent.ThreadPoolTaskExecutor[0;39m | Initializing ExecutorService 'applicationTaskExecutor'
2019-11-07 15:54:38 | [34mINFO [0;39m | [1;33mrestartedMain[0;39m | [1;32morg.springframework.boot.devtools.autoconfigure.OptionalLiveReloadServer[0;39m | LiveReload server is running on port 35729
2019-11-07 15:54:38 | [34mINFO [0;39m | [1;33mrestartedMain[0;39m | [1;32mnet.devh.boot.grpc.server.serverfactory.AbstractGrpcServerFactory[0;39m | Registered gRPC service: helloworld.Greeter, bean: greeterService, class: GreeterService
2019-11-07 15:54:38 | [34mINFO [0;39m | [1;33mrestartedMain[0;39m | [1;32mnet.devh.boot.grpc.server.serverfactory.GrpcServerLifecycle[0;39m | gRPC Server started, listening on address: *, port: 9090
2019-11-07 15:54:38 | [34mINFO [0;39m | [1;33mrestartedMain[0;39m | [1;32morg.apache.coyote.http11.Http11NioProtocol[0;39m | Starting ProtocolHandler ["http-nio-9090"]
2019-11-07 15:54:38 | [34mINFO [0;39m | [1;33mrestartedMain[0;39m | [1;32morg.apache.coyote.http11.Http11NioProtocol[0;39m | Pausing ProtocolHandler ["http-nio-9090"]
2019-11-07 15:54:38 | [34mINFO [0;39m | [1;33mrestartedMain[0;39m | [1;32morg.apache.catalina.core.StandardService[0;39m | Stopping service [Tomcat]
2019-11-07 15:54:38 | [34mINFO [0;39m | [1;33mrestartedMain[0;39m | [1;32morg.apache.catalina.util.LifecycleBase[0;39m | The stop() method was called on component [StandardServer[-1]] after stop() had already been called. The second call will be ignored.
2019-11-07 15:54:38 | [34mINFO [0;39m | [1;33mrestartedMain[0;39m | [1;32morg.apache.coyote.http11.Http11NioProtocol[0;39m | Stopping ProtocolHandler ["http-nio-9090"]
2019-11-07 15:54:38 | [34mINFO [0;39m | [1;33mrestartedMain[0;39m | [1;32morg.apache.coyote.http11.Http11NioProtocol[0;39m | Destroying ProtocolHandler ["http-nio-9090"]
2019-11-07 15:54:38 | [34mINFO [0;39m | [1;33mrestartedMain[0;39m | [1;32morg.springframework.boot.autoconfigure.logging.ConditionEvaluationReportLoggingListener[0;39m |

Error starting ApplicationContext. To display the conditions report re-run your application with 'debug' enabled.
2019-11-07 15:54:38 | [34mINFO [0;39m | [1;33mrestartedMain[0;39m | [1;32mnet.devh.boot.grpc.server.serverfactory.GrpcServerLifecycle[0;39m | gRPC server shutdown.
2019-11-07 15:54:38 | [34mINFO [0;39m | [1;33mrestartedMain[0;39m | [1;32morg.springframework.scheduling.concurrent.ThreadPoolTaskExecutor[0;39m | Shutting down ExecutorService 'applicationTaskExecutor'
2019-11-07 15:55:32 | [34mINFO [0;39m | [1;33mrestartedMain[0;39m | [1;32mcom.lidong.grpc.provider.LocalGrpcServerApplication[0;39m | Starting LocalGrpcServerApplication on vip-PC with PID 53008 (D:\springcloud\spring-cloud-learning-example\springboot-grpc\springboot-grpc-consumer\target\classes started by vip in D:\springcloud\spring-cloud-learning-example)
2019-11-07 15:55:32 | [34mINFO [0;39m | [1;33mrestartedMain[0;39m | [1;32mcom.lidong.grpc.provider.LocalGrpcServerApplication[0;39m | No active profile set, falling back to default profiles: default
2019-11-07 15:55:32 | [34mINFO [0;39m | [1;33mrestartedMain[0;39m | [1;32morg.springframework.boot.devtools.env.DevToolsPropertyDefaultsPostProcessor[0;39m | Devtools property defaults active! Set 'spring.devtools.add-properties' to 'false' to disable
2019-11-07 15:55:32 | [34mINFO [0;39m | [1;33mrestartedMain[0;39m | [1;32morg.springframework.boot.devtools.env.DevToolsPropertyDefaultsPostProcessor[0;39m | For additional web related logging consider setting the 'logging.level.web' property to 'DEBUG'
2019-11-07 15:55:33 | [34mINFO [0;39m | [1;33mrestartedMain[0;39m | [1;32morg.springframework.boot.web.embedded.tomcat.TomcatWebServer[0;39m | Tomcat initialized with port(s): 9090 (http)
2019-11-07 15:55:33 | [34mINFO [0;39m | [1;33mrestartedMain[0;39m | [1;32morg.apache.coyote.http11.Http11NioProtocol[0;39m | Initializing ProtocolHandler ["http-nio-9090"]
2019-11-07 15:55:33 | [34mINFO [0;39m | [1;33mrestartedMain[0;39m | [1;32morg.apache.catalina.core.StandardService[0;39m | Starting service [Tomcat]
2019-11-07 15:55:33 | [34mINFO [0;39m | [1;33mrestartedMain[0;39m | [1;32morg.apache.catalina.core.StandardEngine[0;39m | Starting Servlet engine: [Apache Tomcat/9.0.19]
2019-11-07 15:55:33 | [34mINFO [0;39m | [1;33mrestartedMain[0;39m | [1;32morg.apache.catalina.core.ContainerBase.[Tomcat].[localhost].[/][0;39m | Initializing Spring embedded WebApplicationContext
2019-11-07 15:55:33 | [34mINFO [0;39m | [1;33mrestartedMain[0;39m | [1;32morg.springframework.web.context.ContextLoader[0;39m | Root WebApplicationContext: initialization completed in 1433 ms
2019-11-07 15:55:33 | [34mINFO [0;39m | [1;33mrestartedMain[0;39m | [1;32morg.springframework.scheduling.concurrent.ThreadPoolTaskExecutor[0;39m | Initializing ExecutorService 'applicationTaskExecutor'
2019-11-07 15:55:34 | [34mINFO [0;39m | [1;33mrestartedMain[0;39m | [1;32morg.springframework.boot.devtools.autoconfigure.OptionalLiveReloadServer[0;39m | LiveReload server is running on port 35729
2019-11-07 15:55:34 | [34mINFO [0;39m | [1;33mrestartedMain[0;39m | [1;32mnet.devh.boot.grpc.server.serverfactory.AbstractGrpcServerFactory[0;39m | Registered gRPC service: helloworld.Greeter, bean: greeterService, class: GreeterService
2019-11-07 15:55:34 | [34mINFO [0;39m | [1;33mrestartedMain[0;39m | [1;32mnet.devh.boot.grpc.server.serverfactory.GrpcServerLifecycle[0;39m | gRPC Server started, listening on address: *, port: 9090
2019-11-07 15:55:34 | [34mINFO [0;39m | [1;33mrestartedMain[0;39m | [1;32morg.apache.coyote.http11.Http11NioProtocol[0;39m | Starting ProtocolHandler ["http-nio-9090"]
2019-11-07 15:55:34 | [34mINFO [0;39m | [1;33mrestartedMain[0;39m | [1;32morg.apache.coyote.http11.Http11NioProtocol[0;39m | Pausing ProtocolHandler ["http-nio-9090"]
2019-11-07 15:55:34 | [34mINFO [0;39m | [1;33mrestartedMain[0;39m | [1;32morg.apache.catalina.core.StandardService[0;39m | Stopping service [Tomcat]
2019-11-07 15:55:34 | [34mINFO [0;39m | [1;33mrestartedMain[0;39m | [1;32morg.apache.catalina.util.LifecycleBase[0;39m | The stop() method was called on component [StandardServer[-1]] after stop() had already been called. The second call will be ignored.
2019-11-07 15:55:34 | [34mINFO [0;39m | [1;33mrestartedMain[0;39m | [1;32morg.apache.coyote.http11.Http11NioProtocol[0;39m | Stopping ProtocolHandler ["http-nio-9090"]
2019-11-07 15:55:34 | [34mINFO [0;39m | [1;33mrestartedMain[0;39m | [1;32morg.apache.coyote.http11.Http11NioProtocol[0;39m | Destroying ProtocolHandler ["http-nio-9090"]
2019-11-07 15:55:34 | [34mINFO [0;39m | [1;33mrestartedMain[0;39m | [1;32morg.springframework.boot.autoconfigure.logging.ConditionEvaluationReportLoggingListener[0;39m |

Error starting ApplicationContext. To display the conditions report re-run your application with 'debug' enabled.
2019-11-07 15:55:34 | [34mINFO [0;39m | [1;33mrestartedMain[0;39m | [1;32mnet.devh.boot.grpc.server.serverfactory.GrpcServerLifecycle[0;39m | gRPC server shutdown.
2019-11-07 15:55:34 | [34mINFO [0;39m | [1;33mrestartedMain[0;39m | [1;32morg.springframework.scheduling.concurrent.ThreadPoolTaskExecutor[0;39m | Shutting down ExecutorService 'applicationTaskExecutor'
2019-11-07 15:56:05 | [34mINFO [0;39m | [1;33mrestartedMain[0;39m | [1;32mcom.lidong.grpc.consumer.LocalGrpcServerApplication[0;39m | Starting LocalGrpcServerApplication on vip-PC with PID 55560 (D:\springcloud\spring-cloud-learning-example\springboot-grpc\springboot-grpc-consumer\target\classes started by vip in D:\springcloud\spring-cloud-learning-example)
2019-11-07 15:56:05 | [34mINFO [0;39m | [1;33mrestartedMain[0;39m | [1;32mcom.lidong.grpc.consumer.LocalGrpcServerApplication[0;39m | No active profile set, falling back to default profiles: default
2019-11-07 15:56:05 | [34mINFO [0;39m | [1;33mrestartedMain[0;39m | [1;32morg.springframework.boot.devtools.env.DevToolsPropertyDefaultsPostProcessor[0;39m | Devtools property defaults active! Set 'spring.devtools.add-properties' to 'false' to disable
2019-11-07 15:56:05 | [34mINFO [0;39m | [1;33mrestartedMain[0;39m | [1;32morg.springframework.boot.devtools.env.DevToolsPropertyDefaultsPostProcessor[0;39m | For additional web related logging consider setting the 'logging.level.web' property to 'DEBUG'
2019-11-07 15:56:06 | [34mINFO [0;39m | [1;33mrestartedMain[0;39m | [1;32morg.springframework.boot.web.embedded.tomcat.TomcatWebServer[0;39m | Tomcat initialized with port(s): 9090 (http)
2019-11-07 15:56:06 | [34mINFO [0;39m | [1;33mrestartedMain[0;39m | [1;32morg.apache.coyote.http11.Http11NioProtocol[0;39m | Initializing ProtocolHandler ["http-nio-9090"]
2019-11-07 15:56:06 | [34mINFO [0;39m | [1;33mrestartedMain[0;39m | [1;32morg.apache.catalina.core.StandardService[0;39m | Starting service [Tomcat]
2019-11-07 15:56:06 | [34mINFO [0;39m | [1;33mrestartedMain[0;39m | [1;32morg.apache.catalina.core.StandardEngine[0;39m | Starting Servlet engine: [Apache Tomcat/9.0.19]
2019-11-07 15:56:06 | [34mINFO [0;39m | [1;33mrestartedMain[0;39m | [1;32morg.apache.catalina.core.ContainerBase.[Tomcat].[localhost].[/][0;39m | Initializing Spring embedded WebApplicationContext
2019-11-07 15:56:06 | [34mINFO [0;39m | [1;33mrestartedMain[0;39m | [1;32morg.springframework.web.context.ContextLoader[0;39m | Root WebApplicationContext: initialization completed in 1123 ms
2019-11-07 15:56:06 | [34mINFO [0;39m | [1;33mrestartedMain[0;39m | [1;32morg.springframework.scheduling.concurrent.ThreadPoolTaskExecutor[0;39m | Initializing ExecutorService 'applicationTaskExecutor'
2019-11-07 15:56:06 | [34mINFO [0;39m | [1;33mrestartedMain[0;39m | [1;32morg.springframework.boot.devtools.autoconfigure.OptionalLiveReloadServer[0;39m | LiveReload server is running on port 35729
2019-11-07 15:56:06 | [34mINFO [0;39m | [1;33mrestartedMain[0;39m | [1;32mnet.devh.boot.grpc.server.serverfactory.AbstractGrpcServerFactory[0;39m | Registered gRPC service: helloworld.Greeter, bean: greeterService, class: GreeterService
2019-11-07 15:56:07 | [34mINFO [0;39m | [1;33mrestartedMain[0;39m | [1;32mnet.devh.boot.grpc.server.serverfactory.GrpcServerLifecycle[0;39m | gRPC Server started, listening on address: *, port: 9090
2019-11-07 15:56:07 | [34mINFO [0;39m | [1;33mrestartedMain[0;39m | [1;32morg.apache.coyote.http11.Http11NioProtocol[0;39m | Starting ProtocolHandler ["http-nio-9090"]
2019-11-07 15:56:07 | [34mINFO [0;39m | [1;33mrestartedMain[0;39m | [1;32morg.apache.coyote.http11.Http11NioProtocol[0;39m | Pausing ProtocolHandler ["http-nio-9090"]
2019-11-07 15:56:07 | [34mINFO [0;39m | [1;33mrestartedMain[0;39m | [1;32morg.apache.catalina.core.StandardService[0;39m | Stopping service [Tomcat]
2019-11-07 15:56:07 | [34mINFO [0;39m | [1;33mrestartedMain[0;39m | [1;32morg.apache.catalina.util.LifecycleBase[0;39m | The stop() method was called on component [StandardServer[-1]] after stop() had already been called. The second call will be ignored.
2019-11-07 15:56:07 | [34mINFO [0;39m | [1;33mrestartedMain[0;39m | [1;32morg.apache.coyote.http11.Http11NioProtocol[0;39m | Stopping ProtocolHandler ["http-nio-9090"]
2019-11-07 15:56:07 | [34mINFO [0;39m | [1;33mrestartedMain[0;39m | [1;32morg.apache.coyote.http11.Http11NioProtocol[0;39m | Destroying ProtocolHandler ["http-nio-9090"]
2019-11-07 15:56:07 | [34mINFO [0;39m | [1;33mrestartedMain[0;39m | [1;32morg.springframework.boot.autoconfigure.logging.ConditionEvaluationReportLoggingListener[0;39m |

Error starting ApplicationContext. To display the conditions report re-run your application with 'debug' enabled.
2019-11-07 15:56:07 | [34mINFO [0;39m | [1;33mrestartedMain[0;39m | [1;32mnet.devh.boot.grpc.server.serverfactory.GrpcServerLifecycle[0;39m | gRPC server shutdown.
2019-11-07 15:56:07 | [34mINFO [0;39m | [1;33mrestartedMain[0;39m | [1;32morg.springframework.scheduling.concurrent.ThreadPoolTaskExecutor[0;39m | Shutting down ExecutorService 'applicationTaskExecutor'
2019-11-07 15:57:06 | [34mINFO [0;39m | [1;33mrestartedMain[0;39m | [1;32mcom.lidong.grpc.consumer.LocalGrpcServerApplication[0;39m | Starting LocalGrpcServerApplication on vip-PC with PID 56100 (D:\springcloud\spring-cloud-learning-example\springboot-grpc\springboot-grpc-consumer\target\classes started by vip in D:\springcloud\spring-cloud-learning-example)
2019-11-07 15:57:06 | [34mINFO [0;39m | [1;33mrestartedMain[0;39m | [1;32mcom.lidong.grpc.consumer.LocalGrpcServerApplication[0;39m | No active profile set, falling back to default profiles: default
2019-11-07 15:57:06 | [34mINFO [0;39m | [1;33mrestartedMain[0;39m | [1;32morg.springframework.boot.devtools.env.DevToolsPropertyDefaultsPostProcessor[0;39m | Devtools property defaults active! Set 'spring.devtools.add-properties' to 'false' to disable
2019-11-07 15:57:06 | [34mINFO [0;39m | [1;33mrestartedMain[0;39m | [1;32morg.springframework.boot.devtools.env.DevToolsPropertyDefaultsPostProcessor[0;39m | For additional web related logging consider setting the 'logging.level.web' property to 'DEBUG'
2019-11-07 15:57:07 | [34mINFO [0;39m | [1;33mrestartedMain[0;39m | [1;32morg.springframework.boot.web.embedded.tomcat.TomcatWebServer[0;39m | Tomcat initialized with port(s): 9090 (http)
2019-11-07 15:57:07 | [34mINFO [0;39m | [1;33mrestartedMain[0;39m | [1;32morg.apache.coyote.http11.Http11NioProtocol[0;39m | Initializing ProtocolHandler ["http-nio-9090"]
2019-11-07 15:57:07 | [34mINFO [0;39m | [1;33mrestartedMain[0;39m | [1;32morg.apache.catalina.core.StandardService[0;39m | Starting service [Tomcat]
2019-11-07 15:57:07 | [34mINFO [0;39m | [1;33mrestartedMain[0;39m | [1;32morg.apache.catalina.core.StandardEngine[0;39m | Starting Servlet engine: [Apache Tomcat/9.0.19]
2019-11-07 15:57:07 | [34mINFO [0;39m | [1;33mrestartedMain[0;39m | [1;32morg.apache.catalina.core.ContainerBase.[Tomcat].[localhost].[/][0;39m | Initializing Spring embedded WebApplicationContext
2019-11-07 15:57:07 | [34mINFO [0;39m | [1;33mrestartedMain[0;39m | [1;32morg.springframework.web.context.ContextLoader[0;39m | Root WebApplicationContext: initialization completed in 1114 ms
2019-11-07 15:57:07 | [34mINFO [0;39m | [1;33mrestartedMain[0;39m | [1;32morg.springframework.scheduling.concurrent.ThreadPoolTaskExecutor[0;39m | Initializing ExecutorService 'applicationTaskExecutor'
2019-11-07 15:57:08 | [34mINFO [0;39m | [1;33mrestartedMain[0;39m | [1;32morg.springframework.boot.devtools.autoconfigure.OptionalLiveReloadServer[0;39m | LiveReload server is running on port 35729
2019-11-07 15:57:08 | [34mINFO [0;39m | [1;33mrestartedMain[0;39m | [1;32mnet.devh.boot.grpc.server.serverfactory.AbstractGrpcServerFactory[0;39m | Registered gRPC service: helloworld.Greeter, bean: greeterService, class: GreeterService
2019-11-07 15:57:08 | [34mINFO [0;39m | [1;33mrestartedMain[0;39m | [1;32mnet.devh.boot.grpc.server.serverfactory.GrpcServerLifecycle[0;39m | gRPC Server started, listening on address: *, port: 9090
2019-11-07 15:57:08 | [34mINFO [0;39m | [1;33mrestartedMain[0;39m | [1;32morg.apache.coyote.http11.Http11NioProtocol[0;39m | Starting ProtocolHandler ["http-nio-9090"]
2019-11-07 15:57:08 | [34mINFO [0;39m | [1;33mrestartedMain[0;39m | [1;32morg.apache.coyote.http11.Http11NioProtocol[0;39m | Pausing ProtocolHandler ["http-nio-9090"]
2019-11-07 15:57:08 | [34mINFO [0;39m | [1;33mrestartedMain[0;39m | [1;32morg.apache.catalina.core.StandardService[0;39m | Stopping service [Tomcat]
2019-11-07 15:57:08 | [34mINFO [0;39m | [1;33mrestartedMain[0;39m | [1;32morg.apache.catalina.util.LifecycleBase[0;39m | The stop() method was called on component [StandardServer[-1]] after stop() had already been called. The second call will be ignored.
2019-11-07 15:57:08 | [34mINFO [0;39m | [1;33mrestartedMain[0;39m | [1;32morg.apache.coyote.http11.Http11NioProtocol[0;39m | Stopping ProtocolHandler ["http-nio-9090"]
2019-11-07 15:57:08 | [34mINFO [0;39m | [1;33mrestartedMain[0;39m | [1;32morg.apache.coyote.http11.Http11NioProtocol[0;39m | Destroying ProtocolHandler ["http-nio-9090"]
2019-11-07 15:57:08 | [34mINFO [0;39m | [1;33mrestartedMain[0;39m | [1;32morg.springframework.boot.autoconfigure.logging.ConditionEvaluationReportLoggingListener[0;39m |

Error starting ApplicationContext. To display the conditions report re-run your application with 'debug' enabled.
2019-11-07 15:57:08 | [34mINFO [0;39m | [1;33mrestartedMain[0;39m | [1;32mnet.devh.boot.grpc.server.serverfactory.GrpcServerLifecycle[0;39m | gRPC server shutdown.
2019-11-07 15:57:08 | [34mINFO [0;39m | [1;33mrestartedMain[0;39m | [1;32morg.springframework.scheduling.concurrent.ThreadPoolTaskExecutor[0;39m | Shutting down ExecutorService 'applicationTaskExecutor'
2019-11-07 15:57:25 | [34mINFO [0;39m | [1;33mrestartedMain[0;39m | [1;32mcom.lidong.grpc.provider.LocalGrpcServerApplication[0;39m | Starting LocalGrpcServerApplication on vip-PC with PID 54972 (D:\springcloud\spring-cloud-learning-example\springboot-grpc\springboot-grpc-consumer\target\classes started by vip in D:\springcloud\spring-cloud-learning-example)
2019-11-07 15:57:25 | [34mINFO [0;39m | [1;33mrestartedMain[0;39m | [1;32mcom.lidong.grpc.provider.LocalGrpcServerApplication[0;39m | No active profile set, falling back to default profiles: default
2019-11-07 15:57:25 | [34mINFO [0;39m | [1;33mrestartedMain[0;39m | [1;32morg.springframework.boot.devtools.env.DevToolsPropertyDefaultsPostProcessor[0;39m | Devtools property defaults active! Set 'spring.devtools.add-properties' to 'false' to disable
2019-11-07 15:57:25 | [34mINFO [0;39m | [1;33mrestartedMain[0;39m | [1;32morg.springframework.boot.devtools.env.DevToolsPropertyDefaultsPostProcessor[0;39m | For additional web related logging consider setting the 'logging.level.web' property to 'DEBUG'
2019-11-07 15:57:27 | [34mINFO [0;39m | [1;33mrestartedMain[0;39m | [1;32morg.springframework.boot.web.embedded.tomcat.TomcatWebServer[0;39m | Tomcat initialized with port(s): 9090 (http)
2019-11-07 15:57:27 | [34mINFO [0;39m | [1;33mrestartedMain[0;39m | [1;32morg.apache.coyote.http11.Http11NioProtocol[0;39m | Initializing ProtocolHandler ["http-nio-9090"]
2019-11-07 15:57:27 | [34mINFO [0;39m | [1;33mrestartedMain[0;39m | [1;32morg.apache.catalina.core.StandardService[0;39m | Starting service [Tomcat]
2019-11-07 15:57:27 | [34mINFO [0;39m | [1;33mrestartedMain[0;39m | [1;32morg.apache.catalina.core.StandardEngine[0;39m | Starting Servlet engine: [Apache Tomcat/9.0.19]
2019-11-07 15:57:27 | [34mINFO [0;39m | [1;33mrestartedMain[0;39m | [1;32morg.apache.catalina.core.ContainerBase.[Tomcat].[localhost].[/][0;39m | Initializing Spring embedded WebApplicationContext
2019-11-07 15:57:27 | [34mINFO [0;39m | [1;33mrestartedMain[0;39m | [1;32morg.springframework.web.context.ContextLoader[0;39m | Root WebApplicationContext: initialization completed in 1434 ms
2019-11-07 15:57:27 | [34mINFO [0;39m | [1;33mrestartedMain[0;39m | [1;32morg.springframework.scheduling.concurrent.ThreadPoolTaskExecutor[0;39m | Initializing ExecutorService 'applicationTaskExecutor'
2019-11-07 15:57:27 | [34mINFO [0;39m | [1;33mrestartedMain[0;39m | [1;32morg.springframework.boot.devtools.autoconfigure.OptionalLiveReloadServer[0;39m | LiveReload server is running on port 35729
2019-11-07 15:57:27 | [34mINFO [0;39m | [1;33mrestartedMain[0;39m | [1;32mnet.devh.boot.grpc.server.serverfactory.AbstractGrpcServerFactory[0;39m | Registered gRPC service: helloworld.Greeter, bean: greeterService, class: GreeterService
2019-11-07 15:57:28 | [34mINFO [0;39m | [1;33mrestartedMain[0;39m | [1;32mnet.devh.boot.grpc.server.serverfactory.GrpcServerLifecycle[0;39m | gRPC Server started, listening on address: *, port: 9090
2019-11-07 15:57:28 | [34mINFO [0;39m | [1;33mrestartedMain[0;39m | [1;32morg.apache.coyote.http11.Http11NioProtocol[0;39m | Starting ProtocolHandler ["http-nio-9090"]
2019-11-07 15:57:28 | [34mINFO [0;39m | [1;33mrestartedMain[0;39m | [1;32morg.apache.coyote.http11.Http11NioProtocol[0;39m | Pausing ProtocolHandler ["http-nio-9090"]
2019-11-07 15:57:28 | [34mINFO [0;39m | [1;33mrestartedMain[0;39m | [1;32morg.apache.catalina.core.StandardService[0;39m | Stopping service [Tomcat]
2019-11-07 15:57:28 | [34mINFO [0;39m | [1;33mrestartedMain[0;39m | [1;32morg.apache.catalina.util.LifecycleBase[0;39m | The stop() method was called on component [StandardServer[-1]] after stop() had already been called. The second call will be ignored.
2019-11-07 15:57:28 | [34mINFO [0;39m | [1;33mrestartedMain[0;39m | [1;32morg.apache.coyote.http11.Http11NioProtocol[0;39m | Stopping ProtocolHandler ["http-nio-9090"]
2019-11-07 15:57:28 | [34mINFO [0;39m | [1;33mrestartedMain[0;39m | [1;32morg.apache.coyote.http11.Http11NioProtocol[0;39m | Destroying ProtocolHandler ["http-nio-9090"]
2019-11-07 15:57:28 | [34mINFO [0;39m | [1;33mrestartedMain[0;39m | [1;32morg.springframework.boot.autoconfigure.logging.ConditionEvaluationReportLoggingListener[0;39m |

Error starting ApplicationContext. To display the conditions report re-run your application with 'debug' enabled.
2019-11-07 15:57:28 | [34mINFO [0;39m | [1;33mrestartedMain[0;39m | [1;32mnet.devh.boot.grpc.server.serverfactory.GrpcServerLifecycle[0;39m | gRPC server shutdown.
2019-11-07 15:57:28 | [34mINFO [0;39m | [1;33mrestartedMain[0;39m | [1;32morg.springframework.scheduling.concurrent.ThreadPoolTaskExecutor[0;39m | Shutting down ExecutorService 'applicationTaskExecutor'
2019-11-07 15:57:39 | [34mINFO [0;39m | [1;33mrestartedMain[0;39m | [1;32mcom.lidong.grpc.consumer.LocalGrpcServerApplication[0;39m | Starting LocalGrpcServerApplication on vip-PC with PID 54328 (D:\springcloud\spring-cloud-learning-example\springboot-grpc\springboot-grpc-consumer\target\classes started by vip in D:\springcloud\spring-cloud-learning-example)
2019-11-07 15:57:39 | [34mINFO [0;39m | [1;33mrestartedMain[0;39m | [1;32mcom.lidong.grpc.consumer.LocalGrpcServerApplication[0;39m | No active profile set, falling back to default profiles: default
2019-11-07 15:57:39 | [34mINFO [0;39m | [1;33mrestartedMain[0;39m | [1;32morg.springframework.boot.devtools.env.DevToolsPropertyDefaultsPostProcessor[0;39m | Devtools property defaults active! Set 'spring.devtools.add-properties' to 'false' to disable
2019-11-07 15:57:39 | [34mINFO [0;39m | [1;33mrestartedMain[0;39m | [1;32morg.springframework.boot.devtools.env.DevToolsPropertyDefaultsPostProcessor[0;39m | For additional web related logging consider setting the 'logging.level.web' property to 'DEBUG'
2019-11-07 15:57:40 | [34mINFO [0;39m | [1;33mrestartedMain[0;39m | [1;32morg.springframework.boot.web.embedded.tomcat.TomcatWebServer[0;39m | Tomcat initialized with port(s): 9090 (http)
2019-11-07 15:57:40 | [34mINFO [0;39m | [1;33mrestartedMain[0;39m | [1;32morg.apache.coyote.http11.Http11NioProtocol[0;39m | Initializing ProtocolHandler ["http-nio-9090"]
2019-11-07 15:57:40 | [34mINFO [0;39m | [1;33mrestartedMain[0;39m | [1;32morg.apache.catalina.core.StandardService[0;39m | Starting service [Tomcat]
2019-11-07 15:57:40 | [34mINFO [0;39m | [1;33mrestartedMain[0;39m | [1;32morg.apache.catalina.core.StandardEngine[0;39m | Starting Servlet engine: [Apache Tomcat/9.0.19]
2019-11-07 15:57:40 | [34mINFO [0;39m | [1;33mrestartedMain[0;39m | [1;32morg.apache.catalina.core.ContainerBase.[Tomcat].[localhost].[/][0;39m | Initializing Spring embedded WebApplicationContext
2019-11-07 15:57:40 | [34mINFO [0;39m | [1;33mrestartedMain[0;39m | [1;32morg.springframework.web.context.ContextLoader[0;39m | Root WebApplicationContext: initialization completed in 1389 ms
2019-11-07 15:57:40 | [34mINFO [0;39m | [1;33mrestartedMain[0;39m | [1;32morg.springframework.scheduling.concurrent.ThreadPoolTaskExecutor[0;39m | Initializing ExecutorService 'applicationTaskExecutor'
2019-11-07 15:57:41 | [34mINFO [0;39m | [1;33mrestartedMain[0;39m | [1;32morg.springframework.boot.devtools.autoconfigure.OptionalLiveReloadServer[0;39m | LiveReload server is running on port 35729
2019-11-07 15:57:41 | [34mINFO [0;39m | [1;33mrestartedMain[0;39m | [1;32mnet.devh.boot.grpc.server.serverfactory.AbstractGrpcServerFactory[0;39m | Registered gRPC service: helloworld.Greeter, bean: greeterService, class: GreeterService
2019-11-07 15:57:41 | [34mINFO [0;39m | [1;33mrestartedMain[0;39m | [1;32mnet.devh.boot.grpc.server.serverfactory.GrpcServerLifecycle[0;39m | gRPC Server started, listening on address: *, port: 9090
2019-11-07 15:57:41 | [34mINFO [0;39m | [1;33mrestartedMain[0;39m | [1;32morg.apache.coyote.http11.Http11NioProtocol[0;39m | Starting ProtocolHandler ["http-nio-9090"]
2019-11-07 15:57:41 | [34mINFO [0;39m | [1;33mrestartedMain[0;39m | [1;32morg.apache.coyote.http11.Http11NioProtocol[0;39m | Pausing ProtocolHandler ["http-nio-9090"]
2019-11-07 15:57:41 | [34mINFO [0;39m | [1;33mrestartedMain[0;39m | [1;32morg.apache.catalina.core.StandardService[0;39m | Stopping service [Tomcat]
2019-11-07 15:57:41 | [34mINFO [0;39m | [1;33mrestartedMain[0;39m | [1;32morg.apache.catalina.util.LifecycleBase[0;39m | The stop() method was called on component [StandardServer[-1]] after stop() had already been called. The second call will be ignored.
2019-11-07 15:57:41 | [34mINFO [0;39m | [1;33mrestartedMain[0;39m | [1;32morg.apache.coyote.http11.Http11NioProtocol[0;39m | Stopping ProtocolHandler ["http-nio-9090"]
2019-11-07 15:57:41 | [34mINFO [0;39m | [1;33mrestartedMain[0;39m | [1;32morg.apache.coyote.http11.Http11NioProtocol[0;39m | Destroying ProtocolHandler ["http-nio-9090"]
2019-11-07 15:57:41 | [34mINFO [0;39m | [1;33mrestartedMain[0;39m | [1;32morg.springframework.boot.autoconfigure.logging.ConditionEvaluationReportLoggingListener[0;39m |

Error starting ApplicationContext. To display the conditions report re-run your application with 'debug' enabled.
2019-11-07 15:57:41 | [34mINFO [0;39m | [1;33mrestartedMain[0;39m | [1;32mnet.devh.boot.grpc.server.serverfactory.GrpcServerLifecycle[0;39m | gRPC server shutdown.
2019-11-07 15:57:41 | [34mINFO [0;39m | [1;33mrestartedMain[0;39m | [1;32morg.springframework.scheduling.concurrent.ThreadPoolTaskExecutor[0;39m | Shutting down ExecutorService 'applicationTaskExecutor'
2019-11-07 15:58:10 | [34mINFO [0;39m | [1;33mrestartedMain[0;39m | [1;32mcom.lidong.grpc.consumer.LocalGrpcServerApplication[0;39m | Starting LocalGrpcServerApplication on vip-PC with PID 54528 (D:\springcloud\spring-cloud-learning-example\springboot-grpc\springboot-grpc-consumer\target\classes started by vip in D:\springcloud\spring-cloud-learning-example)
2019-11-07 15:58:10 | [34mINFO [0;39m | [1;33mrestartedMain[0;39m | [1;32mcom.lidong.grpc.consumer.LocalGrpcServerApplication[0;39m | No active profile set, falling back to default profiles: default
2019-11-07 15:58:10 | [34mINFO [0;39m | [1;33mrestartedMain[0;39m | [1;32morg.springframework.boot.devtools.env.DevToolsPropertyDefaultsPostProcessor[0;39m | Devtools property defaults active! Set 'spring.devtools.add-properties' to 'false' to disable
2019-11-07 15:58:10 | [34mINFO [0;39m | [1;33mrestartedMain[0;39m | [1;32morg.springframework.boot.devtools.env.DevToolsPropertyDefaultsPostProcessor[0;39m | For additional web related logging consider setting the 'logging.level.web' property to 'DEBUG'
2019-11-07 15:58:11 | [34mINFO [0;39m | [1;33mrestartedMain[0;39m | [1;32morg.springframework.boot.web.embedded.tomcat.TomcatWebServer[0;39m | Tomcat initialized with port(s): 9090 (http)
2019-11-07 15:58:11 | [34mINFO [0;39m | [1;33mrestartedMain[0;39m | [1;32morg.apache.coyote.http11.Http11NioProtocol[0;39m | Initializing ProtocolHandler ["http-nio-9090"]
2019-11-07 15:58:11 | [34mINFO [0;39m | [1;33mrestartedMain[0;39m | [1;32morg.apache.catalina.core.StandardService[0;39m | Starting service [Tomcat]
2019-11-07 15:58:11 | [34mINFO [0;39m | [1;33mrestartedMain[0;39m | [1;32morg.apache.catalina.core.StandardEngine[0;39m | Starting Servlet engine: [Apache Tomcat/9.0.19]
2019-11-07 15:58:11 | [34mINFO [0;39m | [1;33mrestartedMain[0;39m | [1;32morg.apache.catalina.core.ContainerBase.[Tomcat].[localhost].[/][0;39m | Initializing Spring embedded WebApplicationContext
2019-11-07 15:58:11 | [34mINFO [0;39m | [1;33mrestartedMain[0;39m | [1;32morg.springframework.web.context.ContextLoader[0;39m | Root WebApplicationContext: initialization completed in 1749 ms
2019-11-07 15:58:12 | [34mINFO [0;39m | [1;33mrestartedMain[0;39m | [1;32morg.springframework.scheduling.concurrent.ThreadPoolTaskExecutor[0;39m | Initializing ExecutorService 'applicationTaskExecutor'
2019-11-07 15:58:12 | [34mINFO [0;39m | [1;33mrestartedMain[0;39m | [1;32morg.springframework.boot.devtools.autoconfigure.OptionalLiveReloadServer[0;39m | LiveReload server is running on port 35729
2019-11-07 15:58:12 | [34mINFO [0;39m | [1;33mrestartedMain[0;39m | [1;32mnet.devh.boot.grpc.server.serverfactory.AbstractGrpcServerFactory[0;39m | Registered gRPC service: helloworld.Greeter, bean: greeterService, class: GreeterService
2019-11-07 15:58:12 | [34mINFO [0;39m | [1;33mrestartedMain[0;39m | [1;32mnet.devh.boot.grpc.server.serverfactory.GrpcServerLifecycle[0;39m | gRPC Server started, listening on address: *, port: 9090
2019-11-07 15:58:12 | [34mINFO [0;39m | [1;33mrestartedMain[0;39m | [1;32morg.apache.coyote.http11.Http11NioProtocol[0;39m | Starting ProtocolHandler ["http-nio-9090"]
2019-11-07 15:58:12 | [34mINFO [0;39m | [1;33mrestartedMain[0;39m | [1;32morg.apache.coyote.http11.Http11NioProtocol[0;39m | Pausing ProtocolHandler ["http-nio-9090"]
2019-11-07 15:58:12 | [34mINFO [0;39m | [1;33mrestartedMain[0;39m | [1;32morg.apache.catalina.core.StandardService[0;39m | Stopping service [Tomcat]
2019-11-07 15:58:12 | [34mINFO [0;39m | [1;33mrestartedMain[0;39m | [1;32morg.apache.catalina.util.LifecycleBase[0;39m | The stop() method was called on component [StandardServer[-1]] after stop() had already been called. The second call will be ignored.
2019-11-07 15:58:12 | [34mINFO [0;39m | [1;33mrestartedMain[0;39m | [1;32morg.apache.coyote.http11.Http11NioProtocol[0;39m | Stopping ProtocolHandler ["http-nio-9090"]
2019-11-07 15:58:12 | [34mINFO [0;39m | [1;33mrestartedMain[0;39m | [1;32morg.apache.coyote.http11.Http11NioProtocol[0;39m | Destroying ProtocolHandler ["http-nio-9090"]
2019-11-07 15:58:12 | [34mINFO [0;39m | [1;33mrestartedMain[0;39m | [1;32morg.springframework.boot.autoconfigure.logging.ConditionEvaluationReportLoggingListener[0;39m |

Error starting ApplicationContext. To display the conditions report re-run your application with 'debug' enabled.
2019-11-07 15:58:12 | [34mINFO [0;39m | [1;33mrestartedMain[0;39m | [1;32mnet.devh.boot.grpc.server.serverfactory.GrpcServerLifecycle[0;39m | gRPC server shutdown.
2019-11-07 15:58:12 | [34mINFO [0;39m | [1;33mrestartedMain[0;39m | [1;32morg.springframework.scheduling.concurrent.ThreadPoolTaskExecutor[0;39m | Shutting down ExecutorService 'applicationTaskExecutor'
2019-11-07 16:21:14 | [34mINFO [0;39m | [1;33mrestartedMain[0;39m | [1;32mcom.lidong.grpc.provider.LocalGrpcServerApplication[0;39m | Starting LocalGrpcServerApplication on vip-PC with PID 51932 (D:\springcloud\spring-cloud-learning-example\springboot-grpc\springboot-grpc-provider\target\classes started by vip in D:\springcloud\spring-cloud-learning-example)
2019-11-07 16:21:14 | [34mINFO [0;39m | [1;33mrestartedMain[0;39m | [1;32mcom.lidong.grpc.provider.LocalGrpcServerApplication[0;39m | No active profile set, falling back to default profiles: default
2019-11-07 16:21:14 | [34mINFO [0;39m | [1;33mrestartedMain[0;39m | [1;32morg.springframework.boot.devtools.env.DevToolsPropertyDefaultsPostProcessor[0;39m | Devtools property defaults active! Set 'spring.devtools.add-properties' to 'false' to disable
2019-11-07 16:21:14 | [34mINFO [0;39m | [1;33mrestartedMain[0;39m | [1;32morg.springframework.boot.devtools.env.DevToolsPropertyDefaultsPostProcessor[0;39m | For additional web related logging consider setting the 'logging.level.web' property to 'DEBUG'
2019-11-07 16:21:15 | [34mINFO [0;39m | [1;33mrestartedMain[0;39m | [1;32morg.springframework.boot.web.embedded.tomcat.TomcatWebServer[0;39m | Tomcat initialized with port(s): 8080 (http)
2019-11-07 16:21:15 | [34mINFO [0;39m | [1;33mrestartedMain[0;39m | [1;32morg.apache.coyote.http11.Http11NioProtocol[0;39m | Initializing ProtocolHandler ["http-nio-8080"]
2019-11-07 16:21:15 | [34mINFO [0;39m | [1;33mrestartedMain[0;39m | [1;32morg.apache.catalina.core.StandardService[0;39m | Starting service [Tomcat]
2019-11-07 16:21:15 | [34mINFO [0;39m | [1;33mrestartedMain[0;39m | [1;32morg.apache.catalina.core.StandardEngine[0;39m | Starting Servlet engine: [Apache Tomcat/9.0.19]
2019-11-07 16:21:15 | [34mINFO [0;39m | [1;33mrestartedMain[0;39m | [1;32morg.apache.catalina.core.ContainerBase.[Tomcat].[localhost].[/][0;39m | Initializing Spring embedded WebApplicationContext
2019-11-07 16:21:15 | [34mINFO [0;39m | [1;33mrestartedMain[0;39m | [1;32morg.springframework.web.context.ContextLoader[0;39m | Root WebApplicationContext: initialization completed in 1391 ms
2019-11-07 16:21:16 | [34mINFO [0;39m | [1;33mrestartedMain[0;39m | [1;32morg.springframework.scheduling.concurrent.ThreadPoolTaskExecutor[0;39m | Initializing ExecutorService 'applicationTaskExecutor'
2019-11-07 16:21:16 | [34mINFO [0;39m | [1;33mrestartedMain[0;39m | [1;32morg.springframework.boot.devtools.autoconfigure.OptionalLiveReloadServer[0;39m | LiveReload server is running on port 35729
2019-11-07 16:21:16 | [34mINFO [0;39m | [1;33mrestartedMain[0;39m | [1;32mnet.devh.boot.grpc.server.serverfactory.AbstractGrpcServerFactory[0;39m | Registered gRPC service: helloworld.Greeter, bean: greeterService, class: GreeterService
2019-11-07 16:21:16 | [34mINFO [0;39m | [1;33mrestartedMain[0;39m | [1;32mnet.devh.boot.grpc.server.serverfactory.GrpcServerLifecycle[0;39m | gRPC Server started, listening on address: *, port: 9898
2019-11-07 16:21:16 | [34mINFO [0;39m | [1;33mrestartedMain[0;39m | [1;32morg.apache.coyote.http11.Http11NioProtocol[0;39m | Starting ProtocolHandler ["http-nio-8080"]
2019-11-07 16:21:16 | [34mINFO [0;39m | [1;33mrestartedMain[0;39m | [1;32morg.springframework.boot.web.embedded.tomcat.TomcatWebServer[0;39m | Tomcat started on port(s): 8080 (http) with context path ''
2019-11-07 16:21:16 | [34mINFO [0;39m | [1;33mrestartedMain[0;39m | [1;32mcom.lidong.grpc.provider.LocalGrpcServerApplication[0;39m | Started LocalGrpcServerApplication in 3.134 seconds (JVM running for 6.309)
2019-11-07 16:21:37 | [34mINFO [0;39m | [1;33mrestartedMain[0;39m | [1;32mcom.lidong.grpc.consumer.LocalGrpcServerApplication[0;39m | Starting LocalGrpcServerApplication on vip-PC with PID 57316 (D:\springcloud\spring-cloud-learning-example\springboot-grpc\springboot-grpc-consumer\target\classes started by vip in D:\springcloud\spring-cloud-learning-example)
2019-11-07 16:21:37 | [34mINFO [0;39m | [1;33mrestartedMain[0;39m | [1;32mcom.lidong.grpc.consumer.LocalGrpcServerApplication[0;39m | No active profile set, falling back to default profiles: default
2019-11-07 16:21:37 | [34mINFO [0;39m | [1;33mrestartedMain[0;39m | [1;32morg.springframework.boot.devtools.env.DevToolsPropertyDefaultsPostProcessor[0;39m | Devtools property defaults active! Set 'spring.devtools.add-properties' to 'false' to disable
2019-11-07 16:21:37 | [34mINFO [0;39m | [1;33mrestartedMain[0;39m | [1;32morg.springframework.boot.devtools.env.DevToolsPropertyDefaultsPostProcessor[0;39m | For additional web related logging consider setting the 'logging.level.web' property to 'DEBUG'
2019-11-07 16:21:39 | [34mINFO [0;39m | [1;33mrestartedMain[0;39m | [1;32morg.springframework.boot.web.embedded.tomcat.TomcatWebServer[0;39m | Tomcat initialized with port(s): 9090 (http)
2019-11-07 16:21:39 | [34mINFO [0;39m | [1;33mrestartedMain[0;39m | [1;32morg.apache.coyote.http11.Http11NioProtocol[0;39m | Initializing ProtocolHandler ["http-nio-9090"]
2019-11-07 16:21:39 | [34mINFO [0;39m | [1;33mrestartedMain[0;39m | [1;32morg.apache.catalina.core.StandardService[0;39m | Starting service [Tomcat]
2019-11-07 16:21:39 | [34mINFO [0;39m | [1;33mrestartedMain[0;39m | [1;32morg.apache.catalina.core.StandardEngine[0;39m | Starting Servlet engine: [Apache Tomcat/9.0.19]
2019-11-07 16:21:39 | [34mINFO [0;39m | [1;33mrestartedMain[0;39m | [1;32morg.apache.catalina.core.ContainerBase.[Tomcat].[localhost].[/][0;39m | Initializing Spring embedded WebApplicationContext
2019-11-07 16:21:39 | [34mINFO [0;39m | [1;33mrestartedMain[0;39m | [1;32morg.springframework.web.context.ContextLoader[0;39m | Root WebApplicationContext: initialization completed in 1479 ms
2019-11-07 16:21:39 | [34mINFO [0;39m | [1;33mrestartedMain[0;39m | [1;32morg.springframework.scheduling.concurrent.ThreadPoolTaskExecutor[0;39m | Initializing ExecutorService 'applicationTaskExecutor'
2019-11-07 16:21:40 | [34mINFO [0;39m | [1;33mrestartedMain[0;39m | [1;32mnet.devh.boot.grpc.server.serverfactory.GrpcServerLifecycle[0;39m | gRPC Server started, listening on address: *, port: 9090
2019-11-07 16:21:40 | [34mINFO [0;39m | [1;33mrestartedMain[0;39m | [1;32morg.apache.coyote.http11.Http11NioProtocol[0;39m | Starting ProtocolHandler ["http-nio-9090"]
2019-11-07 16:21:40 | [34mINFO [0;39m | [1;33mrestartedMain[0;39m | [1;32morg.apache.coyote.http11.Http11NioProtocol[0;39m | Pausing ProtocolHandler ["http-nio-9090"]
2019-11-07 16:21:40 | [34mINFO [0;39m | [1;33mrestartedMain[0;39m | [1;32morg.apache.catalina.core.StandardService[0;39m | Stopping service [Tomcat]
2019-11-07 16:21:40 | [34mINFO [0;39m | [1;33mrestartedMain[0;39m | [1;32morg.apache.catalina.util.LifecycleBase[0;39m | The stop() method was called on component [StandardServer[-1]] after stop() had already been called. The second call will be ignored.
2019-11-07 16:21:40 | [34mINFO [0;39m | [1;33mrestartedMain[0;39m | [1;32morg.apache.coyote.http11.Http11NioProtocol[0;39m | Stopping ProtocolHandler ["http-nio-9090"]
2019-11-07 16:21:40 | [34mINFO [0;39m | [1;33mrestartedMain[0;39m | [1;32morg.apache.coyote.http11.Http11NioProtocol[0;39m | Destroying ProtocolHandler ["http-nio-9090"]
2019-11-07 16:21:40 | [34mINFO [0;39m | [1;33mrestartedMain[0;39m | [1;32morg.springframework.boot.autoconfigure.logging.ConditionEvaluationReportLoggingListener[0;39m |

Error starting ApplicationContext. To display the conditions report re-run your application with 'debug' enabled.
2019-11-07 16:21:40 | [34mINFO [0;39m | [1;33mrestartedMain[0;39m | [1;32mnet.devh.boot.grpc.server.serverfactory.GrpcServerLifecycle[0;39m | gRPC server shutdown.
2019-11-07 16:21:40 | [34mINFO [0;39m | [1;33mrestartedMain[0;39m | [1;32morg.springframework.scheduling.concurrent.ThreadPoolTaskExecutor[0;39m | Shutting down ExecutorService 'applicationTaskExecutor'
2019-11-07 16:22:26 | [34mINFO [0;39m | [1;33mrestartedMain[0;39m | [1;32mcom.lidong.grpc.provider.LocalGrpcServerApplication[0;39m | Starting LocalGrpcServerApplication on vip-PC with PID 56400 (D:\springcloud\spring-cloud-learning-example\springboot-grpc\springboot-grpc-provider\target\classes started by vip in D:\springcloud\spring-cloud-learning-example)
2019-11-07 16:22:26 | [34mINFO [0;39m | [1;33mrestartedMain[0;39m | [1;32mcom.lidong.grpc.provider.LocalGrpcServerApplication[0;39m | No active profile set, falling back to default profiles: default
2019-11-07 16:22:26 | [34mINFO [0;39m | [1;33mrestartedMain[0;39m | [1;32morg.springframework.boot.devtools.env.DevToolsPropertyDefaultsPostProcessor[0;39m | Devtools property defaults active! Set 'spring.devtools.add-properties' to 'false' to disable
2019-11-07 16:22:26 | [34mINFO [0;39m | [1;33mrestartedMain[0;39m | [1;32morg.springframework.boot.devtools.env.DevToolsPropertyDefaultsPostProcessor[0;39m | For additional web related logging consider setting the 'logging.level.web' property to 'DEBUG'
2019-11-07 16:22:28 | [34mINFO [0;39m | [1;33mrestartedMain[0;39m | [1;32morg.springframework.boot.web.embedded.tomcat.TomcatWebServer[0;39m | Tomcat initialized with port(s): 8080 (http)
2019-11-07 16:22:28 | [34mINFO [0;39m | [1;33mrestartedMain[0;39m | [1;32morg.apache.coyote.http11.Http11NioProtocol[0;39m | Initializing ProtocolHandler ["http-nio-8080"]
2019-11-07 16:22:28 | [34mINFO [0;39m | [1;33mrestartedMain[0;39m | [1;32morg.apache.catalina.core.StandardService[0;39m | Starting service [Tomcat]
2019-11-07 16:22:28 | [34mINFO [0;39m | [1;33mrestartedMain[0;39m | [1;32morg.apache.catalina.core.StandardEngine[0;39m | Starting Servlet engine: [Apache Tomcat/9.0.19]
2019-11-07 16:22:28 | [34mINFO [0;39m | [1;33mrestartedMain[0;39m | [1;32morg.apache.catalina.core.ContainerBase.[Tomcat].[localhost].[/][0;39m | Initializing Spring embedded WebApplicationContext
2019-11-07 16:22:28 | [34mINFO [0;39m | [1;33mrestartedMain[0;39m | [1;32morg.springframework.web.context.ContextLoader[0;39m | Root WebApplicationContext: initialization completed in 1385 ms
2019-11-07 16:22:28 | [34mINFO [0;39m | [1;33mrestartedMain[0;39m | [1;32morg.springframework.scheduling.concurrent.ThreadPoolTaskExecutor[0;39m | Initializing ExecutorService 'applicationTaskExecutor'
2019-11-07 16:22:28 | [34mINFO [0;39m | [1;33mrestartedMain[0;39m | [1;32morg.springframework.boot.devtools.autoconfigure.OptionalLiveReloadServer[0;39m | LiveReload server is running on port 35729
2019-11-07 16:22:29 | [34mINFO [0;39m | [1;33mrestartedMain[0;39m | [1;32mnet.devh.boot.grpc.server.serverfactory.AbstractGrpcServerFactory[0;39m | Registered gRPC service: helloworld.Greeter, bean: greeterService, class: GreeterService
2019-11-07 16:22:29 | [34mINFO [0;39m | [1;33mrestartedMain[0;39m | [1;32mnet.devh.boot.grpc.server.serverfactory.GrpcServerLifecycle[0;39m | gRPC Server started, listening on address: *, port: 9898
2019-11-07 16:22:29 | [34mINFO [0;39m | [1;33mrestartedMain[0;39m | [1;32morg.apache.coyote.http11.Http11NioProtocol[0;39m | Starting ProtocolHandler ["http-nio-8080"]
2019-11-07 16:22:29 | [34mINFO [0;39m | [1;33mrestartedMain[0;39m | [1;32morg.springframework.boot.web.embedded.tomcat.TomcatWebServer[0;39m | Tomcat started on port(s): 8080 (http) with context path ''
2019-11-07 16:22:29 | [34mINFO [0;39m | [1;33mrestartedMain[0;39m | [1;32mcom.lidong.grpc.provider.LocalGrpcServerApplication[0;39m | Started LocalGrpcServerApplication in 3.058 seconds (JVM running for 4.264)
2019-11-07 16:23:32 | [34mINFO [0;39m | [1;33mrestartedMain[0;39m | [1;32mcom.lidong.grpc.consumer.LocalGrpcServerApplication[0;39m | Starting LocalGrpcServerApplication on vip-PC with PID 56788 (D:\springcloud\spring-cloud-learning-example\springboot-grpc\springboot-grpc-consumer\target\classes started by vip in D:\springcloud\spring-cloud-learning-example)
2019-11-07 16:23:32 | [34mINFO [0;39m | [1;33mrestartedMain[0;39m | [1;32mcom.lidong.grpc.consumer.LocalGrpcServerApplication[0;39m | No active profile set, falling back to default profiles: default
2019-11-07 16:23:32 | [34mINFO [0;39m | [1;33mrestartedMain[0;39m | [1;32morg.springframework.boot.devtools.env.DevToolsPropertyDefaultsPostProcessor[0;39m | Devtools property defaults active! Set 'spring.devtools.add-properties' to 'false' to disable
2019-11-07 16:23:32 | [34mINFO [0;39m | [1;33mrestartedMain[0;39m | [1;32morg.springframework.boot.devtools.env.DevToolsPropertyDefaultsPostProcessor[0;39m | For additional web related logging consider setting the 'logging.level.web' property to 'DEBUG'
2019-11-07 16:23:33 | [34mINFO [0;39m | [1;33mrestartedMain[0;39m | [1;32morg.springframework.boot.web.embedded.tomcat.TomcatWebServer[0;39m | Tomcat initialized with port(s): 9090 (http)
2019-11-07 16:23:33 | [34mINFO [0;39m | [1;33mrestartedMain[0;39m | [1;32morg.apache.coyote.http11.Http11NioProtocol[0;39m | Initializing ProtocolHandler ["http-nio-9090"]
2019-11-07 16:23:33 | [34mINFO [0;39m | [1;33mrestartedMain[0;39m | [1;32morg.apache.catalina.core.StandardService[0;39m | Starting service [Tomcat]
2019-11-07 16:23:33 | [34mINFO [0;39m | [1;33mrestartedMain[0;39m | [1;32morg.apache.catalina.core.StandardEngine[0;39m | Starting Servlet engine: [Apache Tomcat/9.0.19]
2019-11-07 16:23:33 | [34mINFO [0;39m | [1;33mrestartedMain[0;39m | [1;32morg.apache.catalina.core.ContainerBase.[Tomcat].[localhost].[/][0;39m | Initializing Spring embedded WebApplicationContext
2019-11-07 16:23:33 | [34mINFO [0;39m | [1;33mrestartedMain[0;39m | [1;32morg.springframework.web.context.ContextLoader[0;39m | Root WebApplicationContext: initialization completed in 1399 ms
2019-11-07 16:23:34 | [34mINFO [0;39m | [1;33mrestartedMain[0;39m | [1;32morg.springframework.scheduling.concurrent.ThreadPoolTaskExecutor[0;39m | Initializing ExecutorService 'applicationTaskExecutor'
2019-11-07 16:23:34 | [34mINFO [0;39m | [1;33mrestartedMain[0;39m | [1;32mnet.devh.boot.grpc.server.serverfactory.GrpcServerLifecycle[0;39m | gRPC Server started, listening on address: *, port: 9090
2019-11-07 16:23:34 | [34mINFO [0;39m | [1;33mrestartedMain[0;39m | [1;32morg.apache.coyote.http11.Http11NioProtocol[0;39m | Starting ProtocolHandler ["http-nio-9090"]
2019-11-07 16:23:34 | [34mINFO [0;39m | [1;33mrestartedMain[0;39m | [1;32morg.apache.coyote.http11.Http11NioProtocol[0;39m | Pausing ProtocolHandler ["http-nio-9090"]
2019-11-07 16:23:34 | [34mINFO [0;39m | [1;33mrestartedMain[0;39m | [1;32morg.apache.catalina.core.StandardService[0;39m | Stopping service [Tomcat]
2019-11-07 16:23:34 | [34mINFO [0;39m | [1;33mrestartedMain[0;39m | [1;32morg.apache.catalina.util.LifecycleBase[0;39m | The stop() method was called on component [StandardServer[-1]] after stop() had already been called. The second call will be ignored.
2019-11-07 16:23:34 | [34mINFO [0;39m | [1;33mrestartedMain[0;39m | [1;32morg.apache.coyote.http11.Http11NioProtocol[0;39m | Stopping ProtocolHandler ["http-nio-9090"]
2019-11-07 16:23:34 | [34mINFO [0;39m | [1;33mrestartedMain[0;39m | [1;32morg.apache.coyote.http11.Http11NioProtocol[0;39m | Destroying ProtocolHandler ["http-nio-9090"]
2019-11-07 16:23:34 | [34mINFO [0;39m | [1;33mrestartedMain[0;39m | [1;32morg.springframework.boot.autoconfigure.logging.ConditionEvaluationReportLoggingListener[0;39m |

Error starting ApplicationContext. To display the conditions report re-run your application with 'debug' enabled.
2019-11-07 16:23:34 | [34mINFO [0;39m | [1;33mrestartedMain[0;39m | [1;32mnet.devh.boot.grpc.server.serverfactory.GrpcServerLifecycle[0;39m | gRPC server shutdown.
2019-11-07 16:23:34 | [34mINFO [0;39m | [1;33mrestartedMain[0;39m | [1;32morg.springframework.scheduling.concurrent.ThreadPoolTaskExecutor[0;39m | Shutting down ExecutorService 'applicationTaskExecutor'
2019-11-07 16:24:33 | [34mINFO [0;39m | [1;33mrestartedMain[0;39m | [1;32mcom.lidong.grpc.consumer.LocalGrpcServerApplication[0;39m | Starting LocalGrpcServerApplication on vip-PC with PID 52488 (D:\springcloud\spring-cloud-learning-example\springboot-grpc\springboot-grpc-consumer\target\classes started by vip in D:\springcloud\spring-cloud-learning-example)
2019-11-07 16:24:34 | [34mINFO [0;39m | [1;33mrestartedMain[0;39m | [1;32mcom.lidong.grpc.consumer.LocalGrpcServerApplication[0;39m | No active profile set, falling back to default profiles: default
2019-11-07 16:24:34 | [34mINFO [0;39m | [1;33mrestartedMain[0;39m | [1;32morg.springframework.boot.devtools.env.DevToolsPropertyDefaultsPostProcessor[0;39m | Devtools property defaults active! Set 'spring.devtools.add-properties' to 'false' to disable
2019-11-07 16:24:34 | [34mINFO [0;39m | [1;33mrestartedMain[0;39m | [1;32morg.springframework.boot.devtools.env.DevToolsPropertyDefaultsPostProcessor[0;39m | For additional web related logging consider setting the 'logging.level.web' property to 'DEBUG'
2019-11-07 16:24:35 | [34mINFO [0;39m | [1;33mrestartedMain[0;39m | [1;32morg.springframework.boot.web.embedded.tomcat.TomcatWebServer[0;39m | Tomcat initialized with port(s): 9096 (http)
2019-11-07 16:24:35 | [34mINFO [0;39m | [1;33mrestartedMain[0;39m | [1;32morg.apache.coyote.http11.Http11NioProtocol[0;39m | Initializing ProtocolHandler ["http-nio-9096"]
2019-11-07 16:24:35 | [34mINFO [0;39m | [1;33mrestartedMain[0;39m | [1;32morg.apache.catalina.core.StandardService[0;39m | Starting service [Tomcat]
2019-11-07 16:24:35 | [34mINFO [0;39m | [1;33mrestartedMain[0;39m | [1;32morg.apache.catalina.core.StandardEngine[0;39m | Starting Servlet engine: [Apache Tomcat/9.0.19]
2019-11-07 16:24:35 | [34mINFO [0;39m | [1;33mrestartedMain[0;39m | [1;32morg.apache.catalina.core.ContainerBase.[Tomcat].[localhost].[/][0;39m | Initializing Spring embedded WebApplicationContext
2019-11-07 16:24:35 | [34mINFO [0;39m | [1;33mrestartedMain[0;39m | [1;32morg.springframework.web.context.ContextLoader[0;39m | Root WebApplicationContext: initialization completed in 1314 ms
2019-11-07 16:24:35 | [34mINFO [0;39m | [1;33mrestartedMain[0;39m | [1;32morg.springframework.scheduling.concurrent.ThreadPoolTaskExecutor[0;39m | Initializing ExecutorService 'applicationTaskExecutor'
2019-11-07 16:24:36 | [34mINFO [0;39m | [1;33mrestartedMain[0;39m | [1;32mnet.devh.boot.grpc.server.serverfactory.GrpcServerLifecycle[0;39m | gRPC Server started, listening on address: *, port: 9090
2019-11-07 16:24:36 | [34mINFO [0;39m | [1;33mrestartedMain[0;39m | [1;32morg.apache.coyote.http11.Http11NioProtocol[0;39m | Starting ProtocolHandler ["http-nio-9096"]
2019-11-07 16:24:36 | [34mINFO [0;39m | [1;33mrestartedMain[0;39m | [1;32morg.springframework.boot.web.embedded.tomcat.TomcatWebServer[0;39m | Tomcat started on port(s): 9096 (http) with context path ''
2019-11-07 16:24:36 | [34mINFO [0;39m | [1;33mrestartedMain[0;39m | [1;32mcom.lidong.grpc.consumer.LocalGrpcServerApplication[0;39m | Started LocalGrpcServerApplication in 3.627 seconds (JVM running for 4.594)
2019-11-07 16:25:54 | [34mINFO [0;39m | [1;33mhttp-nio-9096-exec-1[0;39m | [1;32morg.apache.catalina.core.ContainerBase.[Tomcat].[localhost].[/][0;39m | Initializing Spring DispatcherServlet 'dispatcherServlet'
2019-11-07 16:25:54 | [34mINFO [0;39m | [1;33mhttp-nio-9096-exec-1[0;39m | [1;32morg.springframework.web.servlet.DispatcherServlet[0;39m | Initializing Servlet 'dispatcherServlet'
2019-11-07 16:25:54 | [34mINFO [0;39m | [1;33mhttp-nio-9096-exec-1[0;39m | [1;32morg.springframework.web.servlet.DispatcherServlet[0;39m | Completed initialization in 14 ms
2019-11-07 16:25:55 | [34mINFO [0;39m | [1;33mgrpc-default-executor-0[0;39m | [1;32mcom.lidong.grpc.provider.LogGrpcInterceptor[0;39m | helloworld.Greeter/SayHello
2019-11-07 16:25:55 | [34mINFO [0;39m | [1;33mgrpc-default-executor-0[0;39m | [1;32mcom.lidong.grpc.provider.GreeterService[0;39m | Message from gRPC-Client:Michael
2019-11-07 16:26:10 | [34mINFO [0;39m | [1;33mgrpc-default-executor-0[0;39m | [1;32mcom.lidong.grpc.provider.LogGrpcInterceptor[0;39m | helloworld.Greeter/SayHello
2019-11-07 16:26:10 | [34mINFO [0;39m | [1;33mgrpc-default-executor-0[0;39m | [1;32mcom.lidong.grpc.provider.GreeterService[0;39m | Message from gRPC-Client:Michael
2019-11-07 16:38:53 | [34mINFO [0;39m | [1;33mThread-16[0;39m | [1;32mnet.devh.boot.grpc.server.serverfactory.GrpcServerLifecycle[0;39m | gRPC server shutdown.
2019-11-07 16:38:53 | [34mINFO [0;39m | [1;33mThread-16[0;39m | [1;32morg.springframework.scheduling.concurrent.ThreadPoolTaskExecutor[0;39m | Shutting down ExecutorService 'applicationTaskExecutor'
2019-11-07 16:38:56 | [34mINFO [0;39m | [1;33mThread-13[0;39m | [1;32mnet.devh.boot.grpc.server.serverfactory.GrpcServerLifecycle[0;39m | gRPC server shutdown.
2019-11-07 16:38:56 | [34mINFO [0;39m | [1;33mThread-13[0;39m | [1;32morg.springframework.scheduling.concurrent.ThreadPoolTaskExecutor[0;39m | Shutting down ExecutorService 'applicationTaskExecutor'
