2019-10-21 15:24:40 | [34mINFO [0;39m | [1;33mrestartedMain[0;39m | [1;32mcom.lidong.econtract.WebiotApplication[0;39m | Starting WebiotApplication on vip-PC with PID 14164 (D:\springcloud\spring-cloud-learning-example\springboot-econtract\target\classes started by vip in D:\springcloud\spring-cloud-learning-example)
2019-10-21 15:24:40 | [34mINFO [0;39m | [1;33mrestartedMain[0;39m | [1;32mcom.lidong.econtract.WebiotApplication[0;39m | The following profiles are active: dev
2019-10-21 15:24:41 | [34mINFO [0;39m | [1;33mrestartedMain[0;39m | [1;32morg.springframework.boot.devtools.env.DevToolsPropertyDefaultsPostProcessor[0;39m | Devtools property defaults active! Set 'spring.devtools.add-properties' to 'false' to disable
2019-10-21 15:24:41 | [34mINFO [0;39m | [1;33mrestartedMain[0;39m | [1;32morg.springframework.boot.devtools.env.DevToolsPropertyDefaultsPostProcessor[0;39m | For additional web related logging consider setting the 'logging.level.web' property to 'DEBUG'
2019-10-21 15:25:09 | [34mINFO [0;39m | [1;33mrestartedMain[0;39m | [1;32mcom.lidong.econtract.WebiotApplication[0;39m | Starting WebiotApplication on vip-PC with PID 1396 (D:\springcloud\spring-cloud-learning-example\springboot-econtract\target\classes started by vip in D:\springcloud\spring-cloud-learning-example)
2019-10-21 15:25:09 | [34mINFO [0;39m | [1;33mrestartedMain[0;39m | [1;32mcom.lidong.econtract.WebiotApplication[0;39m | The following profiles are active: dev
2019-10-21 15:25:09 | [34mINFO [0;39m | [1;33mrestartedMain[0;39m | [1;32morg.springframework.boot.devtools.env.DevToolsPropertyDefaultsPostProcessor[0;39m | Devtools property defaults active! Set 'spring.devtools.add-properties' to 'false' to disable
2019-10-21 15:25:09 | [34mINFO [0;39m | [1;33mrestartedMain[0;39m | [1;32morg.springframework.boot.devtools.env.DevToolsPropertyDefaultsPostProcessor[0;39m | For additional web related logging consider setting the 'logging.level.web' property to 'DEBUG'
2019-10-21 15:25:12 | [34mINFO [0;39m | [1;33mrestartedMain[0;39m | [1;32morg.springframework.boot.web.embedded.tomcat.TomcatWebServer[0;39m | Tomcat initialized with port(s): 9998 (http)
2019-10-21 15:25:12 | [34mINFO [0;39m | [1;33mrestartedMain[0;39m | [1;32morg.apache.coyote.http11.Http11NioProtocol[0;39m | Initializing ProtocolHandler ["http-nio-9998"]
2019-10-21 15:25:12 | [34mINFO [0;39m | [1;33mrestartedMain[0;39m | [1;32morg.apache.catalina.core.StandardService[0;39m | Starting service [Tomcat]
2019-10-21 15:25:12 | [34mINFO [0;39m | [1;33mrestartedMain[0;39m | [1;32morg.apache.catalina.core.StandardEngine[0;39m | Starting Servlet engine: [Apache Tomcat/9.0.21]
2019-10-21 15:25:12 | [34mINFO [0;39m | [1;33mrestartedMain[0;39m | [1;32morg.apache.catalina.core.ContainerBase.[Tomcat].[localhost].[/econtract][0;39m | Initializing Spring embedded WebApplicationContext
2019-10-21 15:25:12 | [34mINFO [0;39m | [1;33mrestartedMain[0;39m | [1;32morg.springframework.web.context.ContextLoader[0;39m | Root WebApplicationContext: initialization completed in 3161 ms
2019-10-21 15:25:13 | [34mINFO [0;39m | [1;33mrestartedMain[0;39m | [1;32morg.springframework.scheduling.concurrent.ThreadPoolTaskExecutor[0;39m | Initializing ExecutorService 'applicationTaskExecutor'
2019-10-21 15:25:13 | [34mINFO [0;39m | [1;33mrestartedMain[0;39m | [1;32morg.springframework.boot.devtools.autoconfigure.OptionalLiveReloadServer[0;39m | LiveReload server is running on port 35729
2019-10-21 15:25:13 | [34mINFO [0;39m | [1;33mrestartedMain[0;39m | [1;32morg.apache.coyote.http11.Http11NioProtocol[0;39m | Starting ProtocolHandler ["http-nio-9998"]
2019-10-21 15:25:13 | [34mINFO [0;39m | [1;33mrestartedMain[0;39m | [1;32morg.springframework.boot.web.embedded.tomcat.TomcatWebServer[0;39m | Tomcat started on port(s): 9998 (http) with context path '/econtract'
2019-10-21 15:25:13 | [34mINFO [0;39m | [1;33mrestartedMain[0;39m | [1;32mcom.lidong.econtract.WebiotApplication[0;39m | Started WebiotApplication in 4.619 seconds (JVM running for 6.773)
2019-10-21 15:25:58 | [34mINFO [0;39m | [1;33mhttp-nio-9998-exec-2[0;39m | [1;32morg.apache.catalina.core.ContainerBase.[Tomcat].[localhost].[/econtract][0;39m | Initializing Spring DispatcherServlet 'dispatcherServlet'
2019-10-21 15:25:58 | [34mINFO [0;39m | [1;33mhttp-nio-9998-exec-2[0;39m | [1;32morg.springframework.web.servlet.DispatcherServlet[0;39m | Initializing Servlet 'dispatcherServlet'
2019-10-21 15:25:58 | [34mINFO [0;39m | [1;33mhttp-nio-9998-exec-2[0;39m | [1;32morg.springframework.web.servlet.DispatcherServlet[0;39m | Completed initialization in 22 ms
2019-10-21 16:31:38 | [34mINFO [0;39m | [1;33mThread-18[0;39m | [1;32morg.springframework.scheduling.concurrent.ThreadPoolTaskExecutor[0;39m | Shutting down ExecutorService 'applicationTaskExecutor'
