2019-11-12 13:43:59 | [1;31mERROR[0;39m | [1;33mrestartedMain[0;39m | [1;32mcom.alibaba.cloud.nacos.registry.NacosServiceRegistry[0;39m | nacos registry, cloud-grpc-client register failed...NacosRegistration{nacosDiscoveryProperties=NacosDiscoveryProperties{serverAddr='localhost:8848', endpoint='', namespace='', watchDelay=30000, logName='', service='cloud-grpc-client', weight=1.0, clusterName='DEFAULT', namingLoadCacheAtStart='false', metadata={preserved.register.source=SPRING_CLOUD}, registerEnabled=true, ip='localhost', networkInterface='', port=9096, secure=false, accessKey='', secretKey=''}},
java.lang.IllegalStateException: failed to req API:/nacos/v1/ns/instance after all servers([localhost:8848]) tried: failed to req API:localhost:8848/nacos/v1/ns/instance. code:500 msg: java.net.ConnectException: Connection refused: connect
	at com.alibaba.nacos.client.naming.net.NamingProxy.reqAPI(NamingProxy.java:464)
	at com.alibaba.nacos.client.naming.net.NamingProxy.reqAPI(NamingProxy.java:386)
	at com.alibaba.nacos.client.naming.net.NamingProxy.registerService(NamingProxy.java:188)
	at com.alibaba.nacos.client.naming.NacosNamingService.registerInstance(NacosNamingService.java:205)
	at com.alibaba.nacos.client.naming.NacosNamingService.registerInstance(NacosNamingService.java:184)
	at com.alibaba.cloud.nacos.registry.NacosServiceRegistry.register(NacosServiceRegistry.java:61)
	at org.springframework.cloud.client.serviceregistry.AbstractAutoServiceRegistration.register(AbstractAutoServiceRegistration.java:239)
	at com.alibaba.cloud.nacos.registry.NacosAutoServiceRegistration.register(NacosAutoServiceRegistration.java:74)
	at org.springframework.cloud.client.serviceregistry.AbstractAutoServiceRegistration.start(AbstractAutoServiceRegistration.java:138)
	at org.springframework.cloud.client.serviceregistry.AbstractAutoServiceRegistration.bind(AbstractAutoServiceRegistration.java:101)
	at org.springframework.cloud.client.serviceregistry.AbstractAutoServiceRegistration.onApplicationEvent(AbstractAutoServiceRegistration.java:88)
	at org.springframework.cloud.client.serviceregistry.AbstractAutoServiceRegistration.onApplicationEvent(AbstractAutoServiceRegistration.java:47)
	at org.springframework.context.event.SimpleApplicationEventMulticaster.doInvokeListener(SimpleApplicationEventMulticaster.java:172)
	at org.springframework.context.event.SimpleApplicationEventMulticaster.invokeListener(SimpleApplicationEventMulticaster.java:165)
	at org.springframework.context.event.SimpleApplicationEventMulticaster.multicastEvent(SimpleApplicationEventMulticaster.java:139)
	at org.springframework.context.support.AbstractApplicationContext.publishEvent(AbstractApplicationContext.java:402)
	at org.springframework.context.support.AbstractApplicationContext.publishEvent(AbstractApplicationContext.java:359)
	at org.springframework.boot.web.servlet.context.ServletWebServerApplicationContext.finishRefresh(ServletWebServerApplicationContext.java:166)
	at org.springframework.context.support.AbstractApplicationContext.refresh(AbstractApplicationContext.java:552)
	at org.springframework.boot.web.servlet.context.ServletWebServerApplicationContext.refresh(ServletWebServerApplicationContext.java:142)
	at org.springframework.boot.SpringApplication.refresh(SpringApplication.java:775)
	at org.springframework.boot.SpringApplication.refreshContext(SpringApplication.java:397)
	at org.springframework.boot.SpringApplication.run(SpringApplication.java:316)
	at org.springframework.boot.SpringApplication.run(SpringApplication.java:1260)
	at org.springframework.boot.SpringApplication.run(SpringApplication.java:1248)
	at com.lidong.grpc.CloudGrpcServerApplication.main(CloudGrpcServerApplication.java:21)
	at sun.reflect.NativeMethodAccessorImpl.invoke0(Native Method)
	at sun.reflect.NativeMethodAccessorImpl.invoke(NativeMethodAccessorImpl.java:62)
	at sun.reflect.DelegatingMethodAccessorImpl.invoke(DelegatingMethodAccessorImpl.java:43)
	at java.lang.reflect.Method.invoke(Method.java:498)
	at org.springframework.boot.devtools.restart.RestartLauncher.run(RestartLauncher.java:49)
2019-11-12 15:08:12 | [1;31mERROR[0;39m | [1;33mgrpc-default-executor-4[0;39m | [1;32mnet.devh.boot.grpc.client.nameresolver.DiscoveryClientNameResolver[0;39m | No servers found for cloud-grpc-server
2019-11-12 15:08:13 | [1;31mERROR[0;39m | [1;33mgrpc-default-executor-4[0;39m | [1;32mnet.devh.boot.grpc.client.nameresolver.DiscoveryClientNameResolver[0;39m | No servers found for cloud-grpc-server
2019-11-12 15:08:14 | [1;31mERROR[0;39m | [1;33mgrpc-default-executor-4[0;39m | [1;32mnet.devh.boot.grpc.client.nameresolver.DiscoveryClientNameResolver[0;39m | No servers found for cloud-grpc-server
2019-11-12 15:08:14 | [1;31mERROR[0;39m | [1;33mgrpc-default-executor-4[0;39m | [1;32mnet.devh.boot.grpc.client.nameresolver.DiscoveryClientNameResolver[0;39m | No servers found for cloud-grpc-server
2019-11-12 15:08:15 | [1;31mERROR[0;39m | [1;33mgrpc-default-executor-4[0;39m | [1;32mnet.devh.boot.grpc.client.nameresolver.DiscoveryClientNameResolver[0;39m | No servers found for cloud-grpc-server
2019-11-12 15:08:16 | [1;31mERROR[0;39m | [1;33mgrpc-default-executor-4[0;39m | [1;32mnet.devh.boot.grpc.client.nameresolver.DiscoveryClientNameResolver[0;39m | No servers found for cloud-grpc-server
2019-11-12 15:08:16 | [1;31mERROR[0;39m | [1;33mgrpc-default-executor-4[0;39m | [1;32mnet.devh.boot.grpc.client.nameresolver.DiscoveryClientNameResolver[0;39m | No servers found for cloud-grpc-server
2019-11-12 15:08:18 | [1;31mERROR[0;39m | [1;33mgrpc-default-executor-4[0;39m | [1;32mnet.devh.boot.grpc.client.nameresolver.DiscoveryClientNameResolver[0;39m | No servers found for cloud-grpc-server
2019-11-12 15:08:18 | [1;31mERROR[0;39m | [1;33mgrpc-default-executor-4[0;39m | [1;32mnet.devh.boot.grpc.client.nameresolver.DiscoveryClientNameResolver[0;39m | No servers found for cloud-grpc-server
2019-11-12 15:08:19 | [1;31mERROR[0;39m | [1;33mgrpc-default-executor-4[0;39m | [1;32mnet.devh.boot.grpc.client.nameresolver.DiscoveryClientNameResolver[0;39m | No servers found for cloud-grpc-server
2019-11-12 15:08:21 | [1;31mERROR[0;39m | [1;33mgrpc-default-executor-4[0;39m | [1;32mnet.devh.boot.grpc.client.nameresolver.DiscoveryClientNameResolver[0;39m | No servers found for cloud-grpc-server
2019-11-12 15:08:22 | [1;31mERROR[0;39m | [1;33mgrpc-default-executor-4[0;39m | [1;32mnet.devh.boot.grpc.client.nameresolver.DiscoveryClientNameResolver[0;39m | No servers found for cloud-grpc-server
2019-11-12 15:08:23 | [1;31mERROR[0;39m | [1;33mgrpc-default-executor-4[0;39m | [1;32mnet.devh.boot.grpc.client.nameresolver.DiscoveryClientNameResolver[0;39m | No servers found for cloud-grpc-server
2019-11-12 15:08:25 | [1;31mERROR[0;39m | [1;33mgrpc-default-executor-4[0;39m | [1;32mnet.devh.boot.grpc.client.nameresolver.DiscoveryClientNameResolver[0;39m | No servers found for cloud-grpc-server
2019-11-12 15:08:27 | [1;31mERROR[0;39m | [1;33mgrpc-default-executor-4[0;39m | [1;32mnet.devh.boot.grpc.client.nameresolver.DiscoveryClientNameResolver[0;39m | No servers found for cloud-grpc-server
2019-11-12 15:08:29 | [1;31mERROR[0;39m | [1;33mgrpc-default-executor-4[0;39m | [1;32mnet.devh.boot.grpc.client.nameresolver.DiscoveryClientNameResolver[0;39m | No servers found for cloud-grpc-server
2019-11-12 15:08:30 | [1;31mERROR[0;39m | [1;33mgrpc-default-executor-4[0;39m | [1;32mnet.devh.boot.grpc.client.nameresolver.DiscoveryClientNameResolver[0;39m | No servers found for cloud-grpc-server
2019-11-12 15:08:31 | [1;31mERROR[0;39m | [1;33mgrpc-default-executor-4[0;39m | [1;32mnet.devh.boot.grpc.client.nameresolver.DiscoveryClientNameResolver[0;39m | No servers found for cloud-grpc-server
2019-11-12 15:08:36 | [1;31mERROR[0;39m | [1;33mrestartedMain[0;39m | [1;32morg.springframework.boot.SpringApplication[0;39m | Application run failed
org.springframework.beans.factory.UnsatisfiedDependencyException: Error creating bean with name 'grpcClientController': Unsatisfied dependency expressed through field 'grpcClientService'; nested exception is org.springframework.beans.factory.BeanCreationException: Error creating bean with name 'grpcClientService' defined in file [D:\springcloud\spring-cloud-learning-example\springboot-grpc\spring-cloud-grpc-consumer\target\classes\com\lidong\grpc\GrpcClientService.class]: Post-processing of merged bean definition failed; nested exception is java.lang.IllegalStateException: Failed to introspect Class [com.lidong.grpc.GrpcClientService] from ClassLoader [org.springframework.boot.devtools.restart.classloader.RestartClassLoader@2ade24c2]
	at org.springframework.beans.factory.annotation.AutowiredAnnotationBeanPostProcessor$AutowiredFieldElement.inject(AutowiredAnnotationBeanPostProcessor.java:596)
	at org.springframework.beans.factory.annotation.InjectionMetadata.inject(InjectionMetadata.java:90)
	at org.springframework.beans.factory.annotation.AutowiredAnnotationBeanPostProcessor.postProcessProperties(AutowiredAnnotationBeanPostProcessor.java:374)
	at org.springframework.beans.factory.support.AbstractAutowireCapableBeanFactory.populateBean(AbstractAutowireCapableBeanFactory.java:1411)
	at org.springframework.beans.factory.support.AbstractAutowireCapableBeanFactory.doCreateBean(AbstractAutowireCapableBeanFactory.java:592)
	at org.springframework.beans.factory.support.AbstractAutowireCapableBeanFactory.createBean(AbstractAutowireCapableBeanFactory.java:515)
	at org.springframework.beans.factory.support.AbstractBeanFactory.lambda$doGetBean$0(AbstractBeanFactory.java:320)
	at org.springframework.beans.factory.support.DefaultSingletonBeanRegistry.getSingleton(DefaultSingletonBeanRegistry.java:222)
	at org.springframework.beans.factory.support.AbstractBeanFactory.doGetBean(AbstractBeanFactory.java:318)
	at org.springframework.beans.factory.support.AbstractBeanFactory.getBean(AbstractBeanFactory.java:199)
	at org.springframework.beans.factory.support.DefaultListableBeanFactory.preInstantiateSingletons(DefaultListableBeanFactory.java:843)
	at org.springframework.context.support.AbstractApplicationContext.finishBeanFactoryInitialization(AbstractApplicationContext.java:877)
	at org.springframework.context.support.AbstractApplicationContext.refresh(AbstractApplicationContext.java:549)
	at org.springframework.boot.web.servlet.context.ServletWebServerApplicationContext.refresh(ServletWebServerApplicationContext.java:142)
	at org.springframework.boot.SpringApplication.refresh(SpringApplication.java:775)
	at org.springframework.boot.SpringApplication.refreshContext(SpringApplication.java:397)
	at org.springframework.boot.SpringApplication.run(SpringApplication.java:316)
	at org.springframework.boot.SpringApplication.run(SpringApplication.java:1260)
	at org.springframework.boot.SpringApplication.run(SpringApplication.java:1248)
	at com.lidong.grpc.CloudGrpcServerApplication.main(CloudGrpcServerApplication.java:21)
	at sun.reflect.NativeMethodAccessorImpl.invoke0(Native Method)
	at sun.reflect.NativeMethodAccessorImpl.invoke(NativeMethodAccessorImpl.java:62)
	at sun.reflect.DelegatingMethodAccessorImpl.invoke(DelegatingMethodAccessorImpl.java:43)
	at java.lang.reflect.Method.invoke(Method.java:498)
	at org.springframework.boot.devtools.restart.RestartLauncher.run(RestartLauncher.java:49)
Caused by: org.springframework.beans.factory.BeanCreationException: Error creating bean with name 'grpcClientService' defined in file [D:\springcloud\spring-cloud-learning-example\springboot-grpc\spring-cloud-grpc-consumer\target\classes\com\lidong\grpc\GrpcClientService.class]: Post-processing of merged bean definition failed; nested exception is java.lang.IllegalStateException: Failed to introspect Class [com.lidong.grpc.GrpcClientService] from ClassLoader [org.springframework.boot.devtools.restart.classloader.RestartClassLoader@2ade24c2]
	at org.springframework.beans.factory.support.AbstractAutowireCapableBeanFactory.doCreateBean(AbstractAutowireCapableBeanFactory.java:570)
	at org.springframework.beans.factory.support.AbstractAutowireCapableBeanFactory.createBean(AbstractAutowireCapableBeanFactory.java:515)
	at org.springframework.beans.factory.support.AbstractBeanFactory.lambda$doGetBean$0(AbstractBeanFactory.java:320)
	at org.springframework.beans.factory.support.DefaultSingletonBeanRegistry.getSingleton(DefaultSingletonBeanRegistry.java:222)
	at org.springframework.beans.factory.support.AbstractBeanFactory.doGetBean(AbstractBeanFactory.java:318)
	at org.springframework.beans.factory.support.AbstractBeanFactory.getBean(AbstractBeanFactory.java:199)
	at org.springframework.beans.factory.config.DependencyDescriptor.resolveCandidate(DependencyDescriptor.java:277)
	at org.springframework.beans.factory.support.DefaultListableBeanFactory.doResolveDependency(DefaultListableBeanFactory.java:1248)
	at org.springframework.beans.factory.support.DefaultListableBeanFactory.resolveDependency(DefaultListableBeanFactory.java:1168)
	at org.springframework.beans.factory.annotation.AutowiredAnnotationBeanPostProcessor$AutowiredFieldElement.inject(AutowiredAnnotationBeanPostProcessor.java:593)
	... 24 common frames omitted
Caused by: java.lang.IllegalStateException: Failed to introspect Class [com.lidong.grpc.GrpcClientService] from ClassLoader [org.springframework.boot.devtools.restart.classloader.RestartClassLoader@2ade24c2]
	at org.springframework.util.ReflectionUtils.getDeclaredFields(ReflectionUtils.java:760)
	at org.springframework.util.ReflectionUtils.doWithLocalFields(ReflectionUtils.java:692)
	at org.springframework.context.annotation.CommonAnnotationBeanPostProcessor.buildResourceMetadata(CommonAnnotationBeanPostProcessor.java:365)
	at org.springframework.context.annotation.CommonAnnotationBeanPostProcessor.findResourceMetadata(CommonAnnotationBeanPostProcessor.java:350)
	at org.springframework.context.annotation.CommonAnnotationBeanPostProcessor.postProcessMergedBeanDefinition(CommonAnnotationBeanPostProcessor.java:298)
	at org.springframework.beans.factory.support.AbstractAutowireCapableBeanFactory.applyMergedBeanDefinitionPostProcessors(AbstractAutowireCapableBeanFactory.java:1077)
	at org.springframework.beans.factory.support.AbstractAutowireCapableBeanFactory.doCreateBean(AbstractAutowireCapableBeanFactory.java:567)
	... 33 common frames omitted
Caused by: java.lang.NoClassDefFoundError: Lcom/lidong/grpc/helloworld/GreeterGrpc$GreeterBlockingStub;
	at java.lang.Class.getDeclaredFields0(Native Method)
	at java.lang.Class.privateGetDeclaredFields(Class.java:2583)
	at java.lang.Class.getDeclaredFields(Class.java:1916)
	at org.springframework.util.ReflectionUtils.getDeclaredFields(ReflectionUtils.java:755)
	... 39 common frames omitted
Caused by: java.lang.ClassNotFoundException: com.lidong.grpc.helloworld.GreeterGrpc$GreeterBlockingStub
	at java.net.URLClassLoader.findClass(URLClassLoader.java:381)
	at java.lang.ClassLoader.loadClass(ClassLoader.java:424)
	at sun.misc.Launcher$AppClassLoader.loadClass(Launcher.java:335)
	at java.lang.ClassLoader.loadClass(ClassLoader.java:357)
	at org.springframework.boot.devtools.restart.classloader.RestartClassLoader.loadClass(RestartClassLoader.java:148)
	at java.lang.ClassLoader.loadClass(ClassLoader.java:357)
	... 43 common frames omitted
2019-11-12 15:14:28 | [1;31mERROR[0;39m | [1;33mcom.alibaba.nacos.naming.client.listener[0;39m | [1;32mcom.alibaba.nacos.client.naming[0;39m | [NA] notify error for service: DEFAULT_GROUP@@cloud-grpc-server, clusters: 
java.lang.IllegalStateException: org.springframework.boot.web.servlet.context.AnnotationConfigServletWebServerApplicationContext@68b35ac8 has been closed already
	at org.springframework.context.support.AbstractApplicationContext.assertBeanFactoryActive(AbstractApplicationContext.java:1089)
	at org.springframework.context.support.AbstractApplicationContext.getBean(AbstractApplicationContext.java:1104)
	at org.springframework.context.event.ApplicationListenerMethodAdapter.getTargetBean(ApplicationListenerMethodAdapter.java:288)
	at org.springframework.context.event.ApplicationListenerMethodAdapter.doInvoke(ApplicationListenerMethodAdapter.java:258)
	at org.springframework.context.event.ApplicationListenerMethodAdapter.processEvent(ApplicationListenerMethodAdapter.java:179)
	at org.springframework.context.event.ApplicationListenerMethodAdapter.onApplicationEvent(ApplicationListenerMethodAdapter.java:142)
	at org.springframework.context.event.SimpleApplicationEventMulticaster.doInvokeListener(SimpleApplicationEventMulticaster.java:172)
	at org.springframework.context.event.SimpleApplicationEventMulticaster.invokeListener(SimpleApplicationEventMulticaster.java:165)
	at org.springframework.context.event.SimpleApplicationEventMulticaster.multicastEvent(SimpleApplicationEventMulticaster.java:139)
	at org.springframework.context.support.AbstractApplicationContext.publishEvent(AbstractApplicationContext.java:402)
	at org.springframework.context.support.AbstractApplicationContext.publishEvent(AbstractApplicationContext.java:359)
	at org.springframework.cloud.alibaba.nacos.discovery.NacosWatch.lambda$nacosServicesWatch$0(NacosWatch.java:156)
	at com.alibaba.nacos.client.naming.core.EventDispatcher$Notifier.run(EventDispatcher.java:128)
	at java.util.concurrent.ThreadPoolExecutor.runWorker(ThreadPoolExecutor.java:1149)
	at java.util.concurrent.ThreadPoolExecutor$Worker.run(ThreadPoolExecutor.java:624)
	at java.lang.Thread.run(Thread.java:748)
2019-11-12 15:14:29 | [1;31mERROR[0;39m | [1;33mcom.alibaba.nacos.naming.client.listener[0;39m | [1;32mcom.alibaba.nacos.client.naming[0;39m | [NA] notify error for service: DEFAULT_GROUP@@cloud-grpc-client, clusters: 
java.lang.IllegalStateException: org.springframework.boot.web.servlet.context.AnnotationConfigServletWebServerApplicationContext@68b35ac8 has been closed already
	at org.springframework.context.support.AbstractApplicationContext.assertBeanFactoryActive(AbstractApplicationContext.java:1089)
	at org.springframework.context.support.AbstractApplicationContext.getBean(AbstractApplicationContext.java:1104)
	at org.springframework.context.event.ApplicationListenerMethodAdapter.getTargetBean(ApplicationListenerMethodAdapter.java:288)
	at org.springframework.context.event.ApplicationListenerMethodAdapter.doInvoke(ApplicationListenerMethodAdapter.java:258)
	at org.springframework.context.event.ApplicationListenerMethodAdapter.processEvent(ApplicationListenerMethodAdapter.java:179)
	at org.springframework.context.event.ApplicationListenerMethodAdapter.onApplicationEvent(ApplicationListenerMethodAdapter.java:142)
	at org.springframework.context.event.SimpleApplicationEventMulticaster.doInvokeListener(SimpleApplicationEventMulticaster.java:172)
	at org.springframework.context.event.SimpleApplicationEventMulticaster.invokeListener(SimpleApplicationEventMulticaster.java:165)
	at org.springframework.context.event.SimpleApplicationEventMulticaster.multicastEvent(SimpleApplicationEventMulticaster.java:139)
	at org.springframework.context.support.AbstractApplicationContext.publishEvent(AbstractApplicationContext.java:402)
	at org.springframework.context.support.AbstractApplicationContext.publishEvent(AbstractApplicationContext.java:359)
	at org.springframework.cloud.alibaba.nacos.discovery.NacosWatch.lambda$nacosServicesWatch$0(NacosWatch.java:156)
	at com.alibaba.nacos.client.naming.core.EventDispatcher$Notifier.run(EventDispatcher.java:128)
	at java.util.concurrent.ThreadPoolExecutor.runWorker(ThreadPoolExecutor.java:1149)
	at java.util.concurrent.ThreadPoolExecutor$Worker.run(ThreadPoolExecutor.java:624)
	at java.lang.Thread.run(Thread.java:748)
2019-11-12 15:16:16 | [1;31mERROR[0;39m | [1;33mcom.alibaba.nacos.naming.client.listener[0;39m | [1;32mcom.alibaba.nacos.client.naming[0;39m | [NA] notify error for service: DEFAULT_GROUP@@cloud-grpc-server, clusters: 
java.lang.IllegalStateException: org.springframework.boot.web.servlet.context.AnnotationConfigServletWebServerApplicationContext@68b35ac8 has been closed already
	at org.springframework.context.support.AbstractApplicationContext.assertBeanFactoryActive(AbstractApplicationContext.java:1089)
	at org.springframework.context.support.AbstractApplicationContext.getBean(AbstractApplicationContext.java:1104)
	at org.springframework.context.event.ApplicationListenerMethodAdapter.getTargetBean(ApplicationListenerMethodAdapter.java:288)
	at org.springframework.context.event.ApplicationListenerMethodAdapter.doInvoke(ApplicationListenerMethodAdapter.java:258)
	at org.springframework.context.event.ApplicationListenerMethodAdapter.processEvent(ApplicationListenerMethodAdapter.java:179)
	at org.springframework.context.event.ApplicationListenerMethodAdapter.onApplicationEvent(ApplicationListenerMethodAdapter.java:142)
	at org.springframework.context.event.SimpleApplicationEventMulticaster.doInvokeListener(SimpleApplicationEventMulticaster.java:172)
	at org.springframework.context.event.SimpleApplicationEventMulticaster.invokeListener(SimpleApplicationEventMulticaster.java:165)
	at org.springframework.context.event.SimpleApplicationEventMulticaster.multicastEvent(SimpleApplicationEventMulticaster.java:139)
	at org.springframework.context.support.AbstractApplicationContext.publishEvent(AbstractApplicationContext.java:402)
	at org.springframework.context.support.AbstractApplicationContext.publishEvent(AbstractApplicationContext.java:359)
	at org.springframework.cloud.alibaba.nacos.discovery.NacosWatch.lambda$nacosServicesWatch$0(NacosWatch.java:156)
	at com.alibaba.nacos.client.naming.core.EventDispatcher$Notifier.run(EventDispatcher.java:128)
	at java.util.concurrent.ThreadPoolExecutor.runWorker(ThreadPoolExecutor.java:1149)
	at java.util.concurrent.ThreadPoolExecutor$Worker.run(ThreadPoolExecutor.java:624)
	at java.lang.Thread.run(Thread.java:748)
2019-11-12 15:16:16 | [1;31mERROR[0;39m | [1;33mgrpc-default-executor-0[0;39m | [1;32mnet.devh.boot.grpc.client.nameresolver.DiscoveryClientNameResolver[0;39m | No servers found for cloud-grpc-server
2019-11-12 15:16:16 | [1;31mERROR[0;39m | [1;33mgrpc-default-executor-0[0;39m | [1;32mnet.devh.boot.grpc.client.nameresolver.DiscoveryClientNameResolver[0;39m | No servers found for cloud-grpc-server
2019-11-12 15:16:17 | [1;31mERROR[0;39m | [1;33mgrpc-default-executor-0[0;39m | [1;32mnet.devh.boot.grpc.client.nameresolver.DiscoveryClientNameResolver[0;39m | No servers found for cloud-grpc-server
2019-11-12 15:16:17 | [1;31mERROR[0;39m | [1;33mgrpc-default-executor-0[0;39m | [1;32mnet.devh.boot.grpc.client.nameresolver.DiscoveryClientNameResolver[0;39m | No servers found for cloud-grpc-server
2019-11-12 15:16:18 | [1;31mERROR[0;39m | [1;33mgrpc-default-executor-0[0;39m | [1;32mnet.devh.boot.grpc.client.nameresolver.DiscoveryClientNameResolver[0;39m | No servers found for cloud-grpc-server
2019-11-12 15:16:19 | [1;31mERROR[0;39m | [1;33mgrpc-default-executor-0[0;39m | [1;32mnet.devh.boot.grpc.client.nameresolver.DiscoveryClientNameResolver[0;39m | No servers found for cloud-grpc-server
2019-11-12 15:16:20 | [1;31mERROR[0;39m | [1;33mgrpc-default-executor-0[0;39m | [1;32mnet.devh.boot.grpc.client.nameresolver.DiscoveryClientNameResolver[0;39m | No servers found for cloud-grpc-server
2019-11-12 15:16:21 | [1;31mERROR[0;39m | [1;33mgrpc-default-executor-0[0;39m | [1;32mnet.devh.boot.grpc.client.nameresolver.DiscoveryClientNameResolver[0;39m | No servers found for cloud-grpc-server
2019-11-12 15:16:21 | [1;31mERROR[0;39m | [1;33mgrpc-default-executor-0[0;39m | [1;32mnet.devh.boot.grpc.client.nameresolver.DiscoveryClientNameResolver[0;39m | No servers found for cloud-grpc-server
2019-11-12 15:16:22 | [1;31mERROR[0;39m | [1;33mgrpc-default-executor-0[0;39m | [1;32mnet.devh.boot.grpc.client.nameresolver.DiscoveryClientNameResolver[0;39m | No servers found for cloud-grpc-server
2019-11-12 15:16:24 | [1;31mERROR[0;39m | [1;33mgrpc-default-executor-0[0;39m | [1;32mnet.devh.boot.grpc.client.nameresolver.DiscoveryClientNameResolver[0;39m | No servers found for cloud-grpc-server
2019-11-12 15:16:26 | [1;31mERROR[0;39m | [1;33mgrpc-default-executor-0[0;39m | [1;32mnet.devh.boot.grpc.client.nameresolver.DiscoveryClientNameResolver[0;39m | No servers found for cloud-grpc-server
2019-11-12 15:16:27 | [1;31mERROR[0;39m | [1;33mgrpc-default-executor-0[0;39m | [1;32mnet.devh.boot.grpc.client.nameresolver.DiscoveryClientNameResolver[0;39m | No servers found for cloud-grpc-server
2019-11-12 15:16:28 | [1;31mERROR[0;39m | [1;33mgrpc-default-executor-0[0;39m | [1;32mnet.devh.boot.grpc.client.nameresolver.DiscoveryClientNameResolver[0;39m | No servers found for cloud-grpc-server
2019-11-12 15:16:31 | [1;31mERROR[0;39m | [1;33mgrpc-default-executor-0[0;39m | [1;32mnet.devh.boot.grpc.client.nameresolver.DiscoveryClientNameResolver[0;39m | No servers found for cloud-grpc-server
2019-11-12 15:16:31 | [1;31mERROR[0;39m | [1;33mcom.alibaba.nacos.naming.client.listener[0;39m | [1;32mcom.alibaba.nacos.client.naming[0;39m | [NA] notify error for service: DEFAULT_GROUP@@cloud-grpc-server, clusters: 
java.lang.IllegalStateException: org.springframework.boot.web.servlet.context.AnnotationConfigServletWebServerApplicationContext@68b35ac8 has been closed already
	at org.springframework.context.support.AbstractApplicationContext.assertBeanFactoryActive(AbstractApplicationContext.java:1089)
	at org.springframework.context.support.AbstractApplicationContext.getBean(AbstractApplicationContext.java:1104)
	at org.springframework.context.event.ApplicationListenerMethodAdapter.getTargetBean(ApplicationListenerMethodAdapter.java:288)
	at org.springframework.context.event.ApplicationListenerMethodAdapter.doInvoke(ApplicationListenerMethodAdapter.java:258)
	at org.springframework.context.event.ApplicationListenerMethodAdapter.processEvent(ApplicationListenerMethodAdapter.java:179)
	at org.springframework.context.event.ApplicationListenerMethodAdapter.onApplicationEvent(ApplicationListenerMethodAdapter.java:142)
	at org.springframework.context.event.SimpleApplicationEventMulticaster.doInvokeListener(SimpleApplicationEventMulticaster.java:172)
	at org.springframework.context.event.SimpleApplicationEventMulticaster.invokeListener(SimpleApplicationEventMulticaster.java:165)
	at org.springframework.context.event.SimpleApplicationEventMulticaster.multicastEvent(SimpleApplicationEventMulticaster.java:139)
	at org.springframework.context.support.AbstractApplicationContext.publishEvent(AbstractApplicationContext.java:402)
	at org.springframework.context.support.AbstractApplicationContext.publishEvent(AbstractApplicationContext.java:359)
	at org.springframework.cloud.alibaba.nacos.discovery.NacosWatch.lambda$nacosServicesWatch$0(NacosWatch.java:156)
	at com.alibaba.nacos.client.naming.core.EventDispatcher$Notifier.run(EventDispatcher.java:128)
	at java.util.concurrent.ThreadPoolExecutor.runWorker(ThreadPoolExecutor.java:1149)
	at java.util.concurrent.ThreadPoolExecutor$Worker.run(ThreadPoolExecutor.java:624)
	at java.lang.Thread.run(Thread.java:748)
